"D:/Users/Yuval/Documents/Unreal Projects/AniBunny/Content/AdvancedVillagePack/Animations/Butterfly_Anim_Var01_Skeleton.uasset" 0
"D:/Users/Yuval/Documents/Unreal Projects/AniBunny/Content/AdvancedVillagePack/Animations/Butterfly_Anim_Var02.uasset" 1
"D:/Users/Yuval/Documents/Unreal Projects/AniBunny/Content/AdvancedVillagePack/Animations/Butterfly_Anim_Var03.uasset" 2
"D:/Users/Yuval/Documents/Unreal Projects/AniBunny/Content/AdvancedVillagePack/Animations/Butterfly_Anim_Var04.uasset" 3
"D:/Users/Yuval/Documents/Unreal Projects/AniBunny/Content/AdvancedVillagePack/Animations/Butterfly_Anim_Var05.uasset" 4
"D:/Users/Yuval/Documents/Unreal Projects/AniBunny/Content/AniBunny/Materials/AniBunnyBodyTexture.uasset" 5
"D:/Users/Yuval/Documents/Unreal Projects/AniBunny/Content/AniBunny/Materials/WoolNormal.uasset" 6
"D:/Users/Yuval/Documents/Unreal Projects/AniBunny/Content/AniBunny/Materials/Body.uasset" 7
"D:/Users/Yuval/Documents/Unreal Projects/AniBunny/Content/AniBunny/Materials/Tail.uasset" 8
"D:/Users/Yuval/Documents/Unreal Projects/AniBunny/Content/AniBunny/AniBunny_Skeleton.uasset" 9
"D:/Users/Yuval/Documents/Unreal Projects/AniBunny/Content/AniBunny/SK_AniBunnyFur.uasset" 10
"D:/Users/Yuval/Documents/Unreal Projects/AniBunny/Content/AniBunny/OldAssets/AniBunnyBodyTexture.uasset" 11
"D:/Users/Yuval/Documents/Unreal Projects/AniBunny/Content/AniBunny/OldAssets/Body.uasset" 12
"D:/Users/Yuval/Documents/Unreal Projects/AniBunny/Content/AniBunny/OldAssets/Eyes.uasset" 13
"D:/Users/Yuval/Documents/Unreal Projects/AniBunny/Content/AniBunny/OldAssets/Nose.uasset" 14
"D:/Users/Yuval/Documents/Unreal Projects/AniBunny/Content/AniBunny/OldAssets/Tail.uasset" 15
"D:/Users/Yuval/Documents/Unreal Projects/AniBunny/Content/AniBunny/OldAssets/AniBunny_PhysicsAssetOld.uasset" 16
"D:/Users/Yuval/Documents/Unreal Projects/AniBunny/Content/AniBunny/OldAssets/SK_AniBunnyOld.uasset" 17
"D:/Users/Yuval/Documents/Unreal Projects/AniBunny/Content/AniBunny/OldAssets/AniBunny_PhysicsAssetWithHeel.uasset" 18
"D:/Users/Yuval/Documents/Unreal Projects/AniBunny/Content/AniBunny/OldAssets/SK_AniBunnyWithHeel.uasset" 19
"../../../Engine/Content/Functions/Engine_MaterialFunctions01/Gradient/LinearGradient.uasset" 20
"../../../Engine/Content/Functions/Engine_MaterialFunctions01/ImageAdjustment/CheapContrast.uasset" 21
"D:/Users/Yuval/Documents/Unreal Projects/AniBunny/Content/PlatformerPack/Textures/pl_wood_d.uasset" 22
"D:/Users/Yuval/Documents/Unreal Projects/AniBunny/Content/PlatformerPack/Textures/pl_wood_n.uasset" 23
"D:/Users/Yuval/Documents/Unreal Projects/AniBunny/Content/PlatformerPack/Textures/pl_wood_r.uasset" 24
"D:/Users/Yuval/Documents/Unreal Projects/AniBunny/Content/PlatformerPack/Materials/M_Wood_Dark_Parent.uasset" 25
"../../../Engine/Content/Functions/Engine_MaterialFunctions01/WorldPositionOffset/SimpleGrassWind.uasset" 26
"D:/Users/Yuval/Documents/Unreal Projects/AniBunny/Content/PlatformerPack/Textures/pl_tree_d.uasset" 27
"D:/Users/Yuval/Documents/Unreal Projects/AniBunny/Content/PlatformerPack/Textures/pl_tree_n.uasset" 28
"D:/Users/Yuval/Documents/Unreal Projects/AniBunny/Content/PlatformerPack/Textures/pl_tree_r.uasset" 29
"D:/Users/Yuval/Documents/Unreal Projects/AniBunny/Content/PlatformerTrees/M_AniBunny_Tree.uasset" 30
"D:/Users/Yuval/Documents/Unreal Projects/AniBunny/Content/PlatformerTrees/SM_AniBunny_Tree_01.uasset" 31
"D:/Users/Yuval/Documents/Unreal Projects/AniBunny/Content/Foliage/PlatformerFoliage/PlatformerTreeVar1.uasset" 32
"D:/Users/Yuval/Documents/Unreal Projects/AniBunny/Content/PlatformerTrees/SM_AniBunny_Tree_02.uasset" 33
"D:/Users/Yuval/Documents/Unreal Projects/AniBunny/Content/Foliage/PlatformerFoliage/PlatformerTreeVar2.uasset" 34
"D:/Users/Yuval/Documents/Unreal Projects/AniBunny/Content/PlatformerTrees/SM_AniBunny_Tree_03.uasset" 35
"D:/Users/Yuval/Documents/Unreal Projects/AniBunny/Content/Foliage/PlatformerFoliage/PlatformerTreeVar3.uasset" 36
"D:/Users/Yuval/Documents/Unreal Projects/AniBunny/Content/PlatformerTrees/SM_AniBunny_Tree_04.uasset" 37
"D:/Users/Yuval/Documents/Unreal Projects/AniBunny/Content/Foliage/PlatformerFoliage/PlatformerTreeVar4.uasset" 38
"D:/Users/Yuval/Documents/Unreal Projects/AniBunny/Content/PlatformerPack/Textures/Pl_Crate_d.uasset" 39
"D:/Users/Yuval/Documents/Unreal Projects/AniBunny/Content/PlatformerPack/Textures/Pl_Crate_n.uasset" 40
"D:/Users/Yuval/Documents/Unreal Projects/AniBunny/Content/PlatformerPack/Textures/Pl_Crate_r.uasset" 41
"D:/Users/Yuval/Documents/Unreal Projects/AniBunny/Content/PlatformerPack/Materials/M_Crate_Light_Parent.uasset" 42
"D:/Users/Yuval/Documents/Unreal Projects/AniBunny/Content/PlatformerPack/Materials/M_Crate_Dark_Inst.uasset" 43
"D:/Users/Yuval/Documents/Unreal Projects/AniBunny/Content/PlatformerPack/Textures/Pl_Cliff_d.uasset" 44
"D:/Users/Yuval/Documents/Unreal Projects/AniBunny/Content/PlatformerPack/Textures/Pl_Cliff_n.uasset" 45
"D:/Users/Yuval/Documents/Unreal Projects/AniBunny/Content/PlatformerPack/Textures/Pl_Cliff_r.uasset" 46
"D:/Users/Yuval/Documents/Unreal Projects/AniBunny/Content/PlatformerPack/Materials/M_Cliff.uasset" 47
"D:/Users/Yuval/Documents/Unreal Projects/AniBunny/Content/PlatformerPack/Meshes/PlatForm_Bots/Pl_16m_Platform_bot.uasset" 48
"D:/Users/Yuval/Documents/Unreal Projects/AniBunny/Content/PlatformerPack/Meshes/PlatForm_Bots/Pl_4m_Platform_bot.uasset" 49
"D:/Users/Yuval/Documents/Unreal Projects/AniBunny/Content/PlatformerPack/Meshes/PlatForm_Bots/Pl_8m_Platform_bot.uasset" 50
"D:/Users/Yuval/Documents/Unreal Projects/AniBunny/Content/PlatformerPack/Meshes/PlatForm_Bots/Pl_8m_Platform_crn_bot.uasset" 51
"D:/Users/Yuval/Documents/Unreal Projects/AniBunny/Content/PlatformerPack/Meshes/PlatForm_Bots/Pl_8m_Platform_Hrnd_bot.uasset" 52
"D:/Users/Yuval/Documents/Unreal Projects/AniBunny/Content/PlatformerPack/Meshes/PlatForm_Bots/Pl_8m_Platform_L_bot.uasset" 53
"D:/Users/Yuval/Documents/Unreal Projects/AniBunny/Content/PlatformerPack/Meshes/PlatForm_Bots/Pl_8m_Platform_rnd_bot.uasset" 54
"D:/Users/Yuval/Documents/Unreal Projects/AniBunny/Content/PlatformerPack/Ocean/Materials/OceanWater_SS.uasset" 55
"D:/Users/Yuval/Documents/Unreal Projects/AniBunny/Content/PlatformerPack/Textures/Pl_plastic_d.uasset" 56
"D:/Users/Yuval/Documents/Unreal Projects/AniBunny/Content/UI/Fonts/BunnyFunny.uasset" 57
"D:/Users/Yuval/Documents/Unreal Projects/AniBunny/Content/UI/Fonts/BunnyFunny_Font.uasset" 58
"../../../Engine/Content/Animation/DefaultAnimCurveCompressionSettings.uasset" 59
"../../../Engine/Content/Functions/Engine_MaterialFunctions01/Opacity/CameraDepthFade.uasset" 60
"../../../Engine/Content/EngineMaterials/T_Default_Material_Grid_M.uasset" 61
"../../../Engine/Content/EngineMaterials/T_Default_Material_Grid_N.uasset" 62
"../../../Engine/Content/EngineMaterials/WorldGridMaterial.uasset" 63
"../../../Engine/Content/ArtTools/RenderToTexture/Meshes/S_1_Unit_Plane.uasset" 64
"../../../Engine/Content/EngineMaterials/DefaultMaterial.uasset" 65
"../../../Engine/Content/BasicShapes/Cone.uasset" 66
"../../../Engine/Content/BasicShapes/Cylinder.uasset" 67
"../../../Engine/Content/EditorLandscapeResources/DataLayer.uasset" 68
"../../../Engine/Content/EditorMaterials/GizmoMaterial.uasset" 69
"../../../Engine/Content/EditorMaterials/MAT_Groups_Toggle.uasset" 70
"../../../Engine/Content/EditorMaterials/MAT_Groups_Visibility.uasset" 71
"../../../Engine/Content/EditorMaterials/PreviewShadowIndicator.uasset" 72
"../../../Engine/Content/EditorMaterials/PreviewShadowIndicatorMaterial.uasset" 73
"../../../Engine/Content/EditorMaterials/MatineeGroups/MAT_ColorTrack.uasset" 74
"../../../Engine/Content/EditorMaterials/MatineeGroups/MAT_Groups_Anim.uasset" 75
"../../../Engine/Content/EditorMaterials/MatineeGroups/MAT_Groups_AudioMaster.uasset" 76
"../../../Engine/Content/EditorMaterials/MatineeGroups/MAT_Groups_Director.uasset" 77
"../../../Engine/Content/EditorMaterials/MatineeGroups/MAT_Groups_Event.uasset" 78
"../../../Engine/Content/EditorMaterials/MatineeGroups/MAT_Groups_Fade.uasset" 79
"../../../Engine/Content/EditorMaterials/MatineeGroups/MAT_Groups_Float.uasset" 80
"../../../Engine/Content/EditorMaterials/MatineeGroups/MAT_Groups_Move.uasset" 81
"../../../Engine/Content/EditorMaterials/MatineeGroups/MAT_Groups_Slomo.uasset" 82
"../../../Engine/Content/EditorMaterials/MatineeGroups/MAT_Groups_Sound.uasset" 83
"../../../Engine/Content/EditorMaterials/MatineeGroups/MAT_Groups_Vector.uasset" 84
"../../../Engine/Content/EditorMaterials/ParticleSystems/PSysThumbnail_NoImage.uasset" 85
"../../../Engine/Content/EditorMaterials/ParticleSystems/PSysThumbnail_OOD.uasset" 86
"../../../Engine/Content/EditorMaterials/Camera/CineMat.uasset" 87
"../../../Engine/Content/EditorMaterials/Camera/MI_CineMat_Rig.uasset" 88
"../../../Engine/Content/EditorMeshes/Camera/SM_CraneRig_Arm.uasset" 89
"../../../Engine/Content/EditorMeshes/Camera/SM_CraneRig_Base.uasset" 90
"../../../Engine/Content/EditorMeshes/Camera/SM_CraneRig_Body.uasset" 91
"../../../Engine/Content/EditorMeshes/Camera/SM_CraneRig_Mount.uasset" 92
"../../../Engine/Content/EditorMeshes/Camera/SM_RailRig_Mount.uasset" 93
"../../../Engine/Content/EditorMeshes/Camera/SM_RailRig_Track.uasset" 94
"../../../Engine/Content/EditorResources/BSPVertex.uasset" 95
"../../../Engine/Content/EditorResources/EmptyActor.uasset" 96
"../../../Engine/Content/EditorResources/S_Actor.uasset" 97
"../../../Engine/Content/EditorResources/S_Note.uasset" 98
"../../../Engine/Content/EditorResources/S_Solver.uasset" 99
"../../../Engine/Content/EditorResources/S_Trigger.uasset" 100
"../../../Engine/Content/EditorResources/LightIcons/S_LightError.uasset" 101
"../../../Engine/Content/EditorResources/SequenceRecorder/Countdown.uasset" 102
"../../../Engine/Content/EditorResources/SequenceRecorder/RecordingIndicator.uasset" 103
"../../../Engine/Content/EditorSounds/Notifications/CompileFailed.uasset" 104
"../../../Engine/Content/EditorSounds/Notifications/CompileFailed_Cue.uasset" 105
"../../../Engine/Content/EditorSounds/Notifications/CompileSuccess.uasset" 106
"../../../Engine/Content/EditorSounds/Notifications/CompileStart_Cue.uasset" 107
"../../../Engine/Content/EditorSounds/Notifications/CompileSuccess_Cue.uasset" 108
"../../../Engine/Content/EngineDamageTypes/DmgTypeBP_Environmental.uasset" 109
"../../../Engine/Content/EngineDebugMaterials/HeatmapGradient.uasset" 110
"../../../Engine/Content/EngineDebugMaterials/BoneWeightMaterial.uasset" 111
"../../../Engine/Content/EngineDebugMaterials/ClothMaterial.uasset" 112
"../../../Engine/Content/EngineDebugMaterials/ClothMaterial_WF.uasset" 113
"../../../Engine/Content/EngineDebugMaterials/DebugEditorMaterial.uasset" 114
"../../../Engine/Content/EngineDebugMaterials/DebugMeshMaterial.uasset" 115
"../../../Engine/Content/EngineDebugMaterials/GeomMaterial.uasset" 116
"../../../Engine/Content/EngineDebugMaterials/M_SimpleTranslucent.uasset" 117
"../../../Engine/Content/Functions/Engine_MaterialFunctions02/Utility/CameraDirectionVector.uasset" 118
"../../../Engine/Content/EngineDebugMaterials/VolumeToRender.uasset" 119
"../../../Engine/Content/EngineDebugMaterials/M_VolumeRenderSphereTracePP.uasset" 120
"../../../Engine/Content/EngineDebugMaterials/WireframeMaterial.uasset" 121
"../../../Engine/Content/EngineFonts/Faces/RobotoBold.uasset" 122
"../../../Engine/Content/EngineFonts/Faces/RobotoBoldItalic.uasset" 123
"../../../Engine/Content/EngineFonts/Faces/RobotoItalic.uasset" 124
"../../../Engine/Content/EngineFonts/Faces/RobotoLight.uasset" 125
"../../../Engine/Content/EngineFonts/Faces/RobotoRegular.uasset" 126
"../../../Engine/Content/EngineFonts/Roboto.uasset" 127
"../../../Engine/Content/EngineMaterials/BaseFlattenDiffuseMap.uasset" 128
"../../../Engine/Content/EngineMaterials/BaseFlattenEmissiveMap.uasset" 129
"../../../Engine/Content/EngineMaterials/BaseFlattenGrayscaleMap.uasset" 130
"../../../Engine/Content/EngineMaterials/BaseFlattenNormalMap.uasset" 131
"../../../Engine/Content/EngineMaterials/BaseFlattenMaterial.uasset" 132
"../../../Engine/Content/EngineMaterials/BlueNoise.uasset" 133
"../../../Engine/Content/EngineMaterials/DefaultBloomKernel.uasset" 134
"../../../Engine/Content/EngineMaterials/DefaultBokeh.uasset" 135
"../../../Engine/Content/EngineMaterials/DefaultDiffuse.uasset" 136
"../../../Engine/Content/EngineMaterials/DefaultDeferredDecalMaterial.uasset" 137
"../../../Engine/Content/EngineMaterials/DefaultLightFunctionMaterial.uasset" 138
"../../../Engine/Content/Functions/Engine_MaterialFunctions02/Utility/BreakOutFloat2Components.uasset" 139
"../../../Engine/Content/EngineMaterials/DefaultPostProcessMaterial.uasset" 140
"../../../Engine/Content/EngineFonts/RobotoDistanceField.uasset" 141
"../../../Engine/Content/EngineMaterials/DefaultTextMaterialOpaque.uasset" 142
"../../../Engine/Content/EngineMaterials/DefaultVirtualTextureMaterial.uasset" 143
"../../../Engine/Content/EngineMaterials/DefaultWhiteGrid.uasset" 144
"../../../Engine/Content/EngineMaterials/EditorBrushMaterial.uasset" 145
"../../../Engine/Content/EngineMaterials/DefaultWhiteGrid_Low.uasset" 146
"../../../Engine/Content/EngineMaterials/EmissiveMeshMaterial.uasset" 147
"../../../Engine/Content/EngineMaterials/Good64x64TilingNoiseHighFreq.uasset" 148
"../../../Engine/Content/EngineMaterials/MiniFont.uasset" 149
"../../../Engine/Content/EngineMaterials/InvalidLightmapSettings.uasset" 150
"../../../Engine/Content/EngineMaterials/M_InvalidLightmapSettings.uasset" 151
"../../../Engine/Content/Functions/Engine_MaterialFunctions02/WorldPositionOffset/CameraOffset.uasset" 152
"../../../Engine/Content/EngineMaterials/PhAT_JointLimitMaterial.uasset" 153
"../../../Engine/Content/EngineMaterials/PreintegratedSkinBRDF.uasset" 154
"../../../Engine/Content/EngineMaterials/RemoveSurfaceMaterial.uasset" 155
"../../../Engine/Content/EngineMaterials/WeightMapPlaceholderTexture.uasset" 156
"../../../Engine/Content/EngineResources/WhiteSquareTexture.uasset" 157
"../../../Engine/Content/EngineMaterials/Widget3DPassThrough.uasset" 158
"../../../Engine/Content/EngineMaterials/Widget3DPassThrough_Masked.uasset" 159
"../../../Engine/Content/EngineMaterials/Widget3DPassThrough_Opaque.uasset" 160
"../../../Engine/Content/EngineMaterials/Widget3DPassThrough_Masked_OneSided.uasset" 161
"../../../Engine/Content/EngineMaterials/Widget3DPassThrough_Opaque_OneSided.uasset" 162
"../../../Engine/Content/EngineMaterials/Widget3DPassThrough_Translucent.uasset" 163
"../../../Engine/Content/EngineMaterials/Widget3DPassThrough_Translucent_OneSided.uasset" 164
"../../../Engine/Content/EngineMeshes/Cylinder.uasset" 165
"../../../Engine/Content/EngineMeshes/Sphere.uasset" 166
"../../../Engine/Content/EngineResources/Black.uasset" 167
"../../../Engine/Content/EngineResources/DefaultTexture.uasset" 168
"../../../Engine/Content/EngineResources/DefaultTextureCube.uasset" 169
"../../../Engine/Content/EngineResources/DefaultVolumeTexture2D.uasset" 170
"../../../Engine/Content/EngineResources/DefaultVolumeTexture.uasset" 171
"../../../Engine/Content/EngineResources/GradientTexture0.uasset" 172
"../../../Engine/Content/EngineSounds/Master.uasset" 173
"../../../Engine/Content/Functions/Engine_MaterialFunctions01/Shading/ConvertFromDiffSpec.uasset" 174
"../../../Engine/Content/Functions/Engine_MaterialFunctions01/Shading/PowerToRoughness.uasset" 175
"../../../Engine/Content/Maps/Templates/Thumbnails/Default.uasset" 176
"../../../Engine/Content/Maps/Templates/Thumbnails/VR-Basic.uasset" 177
"../../../Engine/Content/MobileResources/T_MobileControls_texture.uasset" 178
"../../../Engine/Content/MobileResources/T_MobileMenu2.uasset" 179
"../../../Engine/Content/MobileResources/HUD/AnalogHat.uasset" 180
"../../../Engine/Content/MobileResources/HUD/VirtualJoystick_Background.uasset" 181
"../../../Engine/Content/MobileResources/HUD/VirtualJoystick_Thumb.uasset" 182
"../../../Engine/Content/MobileResources/HUD/DefaultVirtualJoysticks.uasset" 183
"../../../Engine/Content/MobileResources/HUD/LeftVirtualJoystickOnly.uasset" 184
"../../../Engine/Content/MobileResources/HUD/MobileHUDButton1_off.uasset" 185
"../../../Engine/Content/MobileResources/HUD/MobileHUDButton1_on.uasset" 186
"../../../Engine/Content/MobileResources/HUD/MobileHUDButton2_off.uasset" 187
"../../../Engine/Content/MobileResources/HUD/MobileHUDButton2_on.uasset" 188
"../../../Engine/Content/MobileResources/HUD/MobileHUDButton3.uasset" 189
"../../../Engine/Content/MobileResources/HUD/MobileHUDButtonFire.uasset" 190
"../../../Engine/Content/MobileResources/HUD/MobileHUDDirectionPad.uasset" 191
"../../../Engine/Content/MobileResources/HUD/MobileHUDDirectionPad2.uasset" 192
"../../../Engine/Content/MobileResources/HUD/MobileHUDDirectionPad3.uasset" 193
"../../../Engine/Content/MobileResources/HUD/MobileHUDDirectionStick.uasset" 194
"../../../Engine/Content/MobileResources/HUD/T_Castle_ThumbstickInner.uasset" 195
"../../../Engine/Content/MobileResources/HUD/T_Castle_ThumbstickOutter.uasset" 196
"../../../Engine/Content/Tutorial/ContentIntroCurve.uasset" 197
"../../../Engine/Content/Tutorial/Basics/LevelEditorAttract.uasset" 198
"../../../Engine/Content/VREditor/LaserPointer/VR_LaserPower_01.uasset" 199
"../../../Engine/Content/VREditor/TransformGizmo/TransformGizmoMaterial.uasset" 200
"../../../Engine/Content/VREditor/TransformGizmo/TranslucentTransformGizmoMaterial.uasset" 201
"../../../Engine/Content/VREditor/TransformGizmo/BoundingBoxCorner.uasset" 202
"../../../Engine/Content/VREditor/TransformGizmo/BoundingBoxEdge.uasset" 203
"../../../Engine/Content/VREditor/TransformGizmo/PlaneTranslationHandle.uasset" 204
"../../../Engine/Content/VREditor/TransformGizmo/Main.uasset" 205
"../../../Engine/Content/VREditor/TransformGizmo/Xray.uasset" 206
"../../../Engine/Content/VREditor/TransformGizmo/SM_Sequencer_Key.uasset" 207
"../../../Engine/Content/VREditor/TransformGizmo/SM_Sequencer_Node.uasset" 208
"../../Plugins/2D/Paper2D/Content/PlaceholderTextures/DummySpriteTexture.uasset" 209
"../../Plugins/2D/Paper2D/Content/DummySprite.uasset" 210
"../../Plugins/2D/Paper2D/Content/DefaultPaperTerrainMaterial.uasset" 211
"../../Plugins/2D/Paper2D/Content/DummySpriteTexture.uasset" 212
"../../Plugins/2D/Paper2D/Content/DefaultSpriteMaterial.uasset" 213
"../../Plugins/2D/Paper2D/Content/MaskedUnlitSpriteMaterial.uasset" 214
"../../Plugins/2D/Paper2D/Content/OpaqueUnlitSpriteMaterial.uasset" 215
"../../Plugins/Runtime/Oculus/OculusVR/Content/OculusMR_RenderTarget.uasset" 216
"../../../Engine/Content/Functions/Engine_MaterialFunctions02/Utility/BreakOutFloat4Components.uasset" 217
"../../../Engine/Content/Functions/Engine_MaterialFunctions02/Utility/MakeFloat2.uasset" 218
"../../../Engine/Content/Functions/Engine_MaterialFunctions02/Utility/MakeFloat3.uasset" 219
"../../Plugins/Runtime/Oculus/OculusVR/Content/Materials/OculusMR_ChromaKey.uasset" 220
"../../Plugins/Runtime/Oculus/OculusVR/Content/Materials/OculusMR_ChromaKey_Lit.uasset" 221
"../../Plugins/Runtime/Oculus/OculusVR/Content/Materials/OculusMR_OpaqueColoredMaterial.uasset" 222
"../../Plugins/Runtime/Oculus/OculusVR/Content/Materials/OculusMR_WhiteMaterial.uasset" 223
"D:/Users/Yuval/Documents/Unreal Projects/AniBunny/Content/AdvancedVillagePack/Animations/Butterfly_Anim_Var01_Anim.uasset" 224
"D:/Users/Yuval/Documents/Unreal Projects/AniBunny/Content/AdvancedVillagePack/Animations/Butterfly_Anim_Var02_Anim.uasset" 225
"D:/Users/Yuval/Documents/Unreal Projects/AniBunny/Content/AdvancedVillagePack/Animations/Butterfly_Anim_Var03_Anim.uasset" 226
"D:/Users/Yuval/Documents/Unreal Projects/AniBunny/Content/AdvancedVillagePack/Animations/Butterfly_Anim_Var04_Anim.uasset" 227
"D:/Users/Yuval/Documents/Unreal Projects/AniBunny/Content/AdvancedVillagePack/Animations/Butterfly_Anim_Var05_Anim.uasset" 228
"D:/Users/Yuval/Documents/Unreal Projects/AniBunny/Content/AdvancedVillagePack/Textures/Effects/T_Butterflies_D.uasset" 229
"D:/Users/Yuval/Documents/Unreal Projects/AniBunny/Content/AdvancedVillagePack/Textures/Effects/T_Butterflies_O.uasset" 230
"D:/Users/Yuval/Documents/Unreal Projects/AniBunny/Content/AdvancedVillagePack/Materials/M_Simple_Cutout.uasset" 231
"D:/Users/Yuval/Documents/Unreal Projects/AniBunny/Content/AdvancedVillagePack/Materials/M_Inst_Butterflies.uasset" 232
"D:/Users/Yuval/Documents/Unreal Projects/AniBunny/Content/AdvancedVillagePack/Animations/Butterfly_Anim_Var01.uasset" 233
"D:/Users/Yuval/Documents/Unreal Projects/AniBunny/Content/AdvancedVillagePack/Meshes/ButterflyBody.uasset" 234
"D:/Users/Yuval/Documents/Unreal Projects/AniBunny/Content/AdvancedVillagePack/Meshes/ButterflyWing.uasset" 235
"D:/Users/Yuval/Documents/Unreal Projects/AniBunny/Content/AdvancedVillagePack/Blueprints/BP_Butterfly.uasset" 236
"D:/Users/Yuval/Documents/Unreal Projects/AniBunny/Content/AdvancedVillagePack/Textures/T_Pack_11_Leafs_DO.uasset" 237
"D:/Users/Yuval/Documents/Unreal Projects/AniBunny/Content/AdvancedVillagePack/Materials/M_Pfx_Additive.uasset" 238
"D:/Users/Yuval/Documents/Unreal Projects/AniBunny/Content/AdvancedVillagePack/Textures/Effects/T_Pfx_FlamesAtlas.uasset" 239
"D:/Users/Yuval/Documents/Unreal Projects/AniBunny/Content/AdvancedVillagePack/Materials/M_Inst_Pfx_Flames.uasset" 240
"D:/Users/Yuval/Documents/Unreal Projects/AniBunny/Content/AdvancedVillagePack/Textures/Effects/T_Pfx_Spark.uasset" 241
"D:/Users/Yuval/Documents/Unreal Projects/AniBunny/Content/AdvancedVillagePack/Materials/M_Inst_Pfx_Sparks.uasset" 242
"D:/Users/Yuval/Documents/Unreal Projects/AniBunny/Content/AdvancedVillagePack/Effects/Pfx_FireCamp.uasset" 243
"D:/Users/Yuval/Documents/Unreal Projects/AniBunny/Content/AdvancedVillagePack/Effects/Pfx_LightInsectsCampFire.uasset" 244
"D:/Users/Yuval/Documents/Unreal Projects/AniBunny/Content/AdvancedVillagePack/Materials/M_Pfx_TranslucentLit.uasset" 245
"D:/Users/Yuval/Documents/Unreal Projects/AniBunny/Content/AdvancedVillagePack/Textures/Effects/T_Pfx_Smoke.uasset" 246
"D:/Users/Yuval/Documents/Unreal Projects/AniBunny/Content/AdvancedVillagePack/Materials/M_Inst_Pfx_SmokeChimney.uasset" 247
"D:/Users/Yuval/Documents/Unreal Projects/AniBunny/Content/AdvancedVillagePack/Effects/Pfx_SmokeFireCamp.uasset" 248
"D:/Users/Yuval/Documents/Unreal Projects/AniBunny/Content/AdvancedVillagePack/Textures/T_Detail_N.uasset" 249
"D:/Users/Yuval/Documents/Unreal Projects/AniBunny/Content/AdvancedVillagePack/Textures/T_Pack_01_D.uasset" 250
"D:/Users/Yuval/Documents/Unreal Projects/AniBunny/Content/AdvancedVillagePack/Textures/T_Pack_01_N.uasset" 251
"D:/Users/Yuval/Documents/Unreal Projects/AniBunny/Content/AdvancedVillagePack/Textures/T_Pack_01_RM.uasset" 252
"D:/Users/Yuval/Documents/Unreal Projects/AniBunny/Content/AdvancedVillagePack/Textures/T_Pack_03_E.uasset" 253
"D:/Users/Yuval/Documents/Unreal Projects/AniBunny/Content/AdvancedVillagePack/Materials/M_Uber.uasset" 254
"D:/Users/Yuval/Documents/Unreal Projects/AniBunny/Content/AdvancedVillagePack/Textures/T_Pack_02_D.uasset" 255
"D:/Users/Yuval/Documents/Unreal Projects/AniBunny/Content/AdvancedVillagePack/Textures/T_Pack_02_N.uasset" 256
"D:/Users/Yuval/Documents/Unreal Projects/AniBunny/Content/AdvancedVillagePack/Textures/T_Pack_02_RM.uasset" 257
"D:/Users/Yuval/Documents/Unreal Projects/AniBunny/Content/AdvancedVillagePack/Materials/M_Inst_Pack_02.uasset" 258
"D:/Users/Yuval/Documents/Unreal Projects/AniBunny/Content/AdvancedVillagePack/Meshes/SM_Fish.uasset" 259
"D:/Users/Yuval/Documents/Unreal Projects/AniBunny/Content/AdvancedVillagePack/Textures/T_Pack_06_D.uasset" 260
"D:/Users/Yuval/Documents/Unreal Projects/AniBunny/Content/AdvancedVillagePack/Textures/T_Pack_06_N.uasset" 261
"D:/Users/Yuval/Documents/Unreal Projects/AniBunny/Content/AdvancedVillagePack/Textures/T_Pack_06_RM.uasset" 262
"D:/Users/Yuval/Documents/Unreal Projects/AniBunny/Content/AdvancedVillagePack/Materials/M_Inst_Pack_06.uasset" 263
"D:/Users/Yuval/Documents/Unreal Projects/AniBunny/Content/AdvancedVillagePack/Meshes/SM_Log_Var01.uasset" 264
"D:/Users/Yuval/Documents/Unreal Projects/AniBunny/Content/AdvancedVillagePack/Meshes/SM_Log_Var02.uasset" 265
"D:/Users/Yuval/Documents/Unreal Projects/AniBunny/Content/AdvancedVillagePack/Meshes/SM_Log_Var03.uasset" 266
"D:/Users/Yuval/Documents/Unreal Projects/AniBunny/Content/AdvancedVillagePack/Meshes/SM_Spike.uasset" 267
"D:/Users/Yuval/Documents/Unreal Projects/AniBunny/Content/AdvancedVillagePack/Textures/T_Pack_08_D.uasset" 268
"D:/Users/Yuval/Documents/Unreal Projects/AniBunny/Content/AdvancedVillagePack/Textures/T_Pack_08_N.uasset" 269
"D:/Users/Yuval/Documents/Unreal Projects/AniBunny/Content/AdvancedVillagePack/Textures/T_Pack_08_RM.uasset" 270
"D:/Users/Yuval/Documents/Unreal Projects/AniBunny/Content/AdvancedVillagePack/Materials/M_Inst_Pack_08.uasset" 271
"D:/Users/Yuval/Documents/Unreal Projects/AniBunny/Content/AdvancedVillagePack/Meshes/SM_Stone_Small_Var01.uasset" 272
"D:/Users/Yuval/Documents/Unreal Projects/AniBunny/Content/AdvancedVillagePack/Meshes/SM_Stone_Small_Var02.uasset" 273
"D:/Users/Yuval/Documents/Unreal Projects/AniBunny/Content/AdvancedVillagePack/Meshes/SM_Stone_Small_Var03.uasset" 274
"D:/Users/Yuval/Documents/Unreal Projects/AniBunny/Content/AdvancedVillagePack/Meshes/SM_Stone_Small_Var04.uasset" 275
"D:/Users/Yuval/Documents/Unreal Projects/AniBunny/Content/AdvancedVillagePack/Meshes/SM_Stone_Small_Var05.uasset" 276
"D:/Users/Yuval/Documents/Unreal Projects/AniBunny/Content/AdvancedVillagePack/Blueprints/BP_CampFire.uasset" 277
"D:/Users/Yuval/Documents/Unreal Projects/AniBunny/Content/AdvancedVillagePack/Effects/Pfx_FireTorch.uasset" 278
"D:/Users/Yuval/Documents/Unreal Projects/AniBunny/Content/AdvancedVillagePack/Effects/Pfx_SmokeChimney.uasset" 279
"D:/Users/Yuval/Documents/Unreal Projects/AniBunny/Content/AdvancedVillagePack/Textures/T_Pack_04_D.uasset" 280
"D:/Users/Yuval/Documents/Unreal Projects/AniBunny/Content/AdvancedVillagePack/Textures/T_Pack_04_E.uasset" 281
"D:/Users/Yuval/Documents/Unreal Projects/AniBunny/Content/AdvancedVillagePack/Textures/T_Pack_04_N.uasset" 282
"D:/Users/Yuval/Documents/Unreal Projects/AniBunny/Content/AdvancedVillagePack/Textures/T_Pack_04_RM.uasset" 283
"D:/Users/Yuval/Documents/Unreal Projects/AniBunny/Content/AdvancedVillagePack/Materials/M_Inst_Pack_04.uasset" 284
"D:/Users/Yuval/Documents/Unreal Projects/AniBunny/Content/AdvancedVillagePack/Meshes/SM_House_Var01.uasset" 285
"D:/Users/Yuval/Documents/Unreal Projects/AniBunny/Content/AdvancedVillagePack/Textures/T_Pack_05_D.uasset" 286
"D:/Users/Yuval/Documents/Unreal Projects/AniBunny/Content/AdvancedVillagePack/Textures/T_Pack_05_E.uasset" 287
"D:/Users/Yuval/Documents/Unreal Projects/AniBunny/Content/AdvancedVillagePack/Textures/T_Pack_05_N.uasset" 288
"D:/Users/Yuval/Documents/Unreal Projects/AniBunny/Content/AdvancedVillagePack/Textures/T_Pack_05_RM.uasset" 289
"D:/Users/Yuval/Documents/Unreal Projects/AniBunny/Content/AdvancedVillagePack/Materials/M_Inst_Pack_05.uasset" 290
"D:/Users/Yuval/Documents/Unreal Projects/AniBunny/Content/AdvancedVillagePack/Meshes/SM_House_Var01_Extra01.uasset" 291
"D:/Users/Yuval/Documents/Unreal Projects/AniBunny/Content/AdvancedVillagePack/Meshes/SM_House_Var01_Extra02.uasset" 292
"D:/Users/Yuval/Documents/Unreal Projects/AniBunny/Content/AdvancedVillagePack/Meshes/SM_House_Var01_Extra03.uasset" 293
"D:/Users/Yuval/Documents/Unreal Projects/AniBunny/Content/AdvancedVillagePack/Meshes/SM_House_Var01_Extra04.uasset" 294
"D:/Users/Yuval/Documents/Unreal Projects/AniBunny/Content/AdvancedVillagePack/Meshes/SM_House_Var01_Extra05.uasset" 295
"D:/Users/Yuval/Documents/Unreal Projects/AniBunny/Content/AdvancedVillagePack/Meshes/SM_House_Var01_Extra06.uasset" 296
"D:/Users/Yuval/Documents/Unreal Projects/AniBunny/Content/AdvancedVillagePack/Meshes/SM_House_Var01_Extra07.uasset" 297
"D:/Users/Yuval/Documents/Unreal Projects/AniBunny/Content/AdvancedVillagePack/Meshes/SM_House_Var01_Extra08.uasset" 298
"D:/Users/Yuval/Documents/Unreal Projects/AniBunny/Content/AdvancedVillagePack/Meshes/SM_Torch_Var02.uasset" 299
"D:/Users/Yuval/Documents/Unreal Projects/AniBunny/Content/AdvancedVillagePack/Blueprints/BP_House_Var01.uasset" 300
"D:/Users/Yuval/Documents/Unreal Projects/AniBunny/Content/AdvancedVillagePack/Textures/T_Pack_09_D.uasset" 301
"D:/Users/Yuval/Documents/Unreal Projects/AniBunny/Content/AdvancedVillagePack/Textures/T_Pack_09_E.uasset" 302
"D:/Users/Yuval/Documents/Unreal Projects/AniBunny/Content/AdvancedVillagePack/Textures/T_Pack_09_N.uasset" 303
"D:/Users/Yuval/Documents/Unreal Projects/AniBunny/Content/AdvancedVillagePack/Textures/T_Pack_09_RM.uasset" 304
"D:/Users/Yuval/Documents/Unreal Projects/AniBunny/Content/AdvancedVillagePack/Materials/M_Inst_Pack_09.uasset" 305
"D:/Users/Yuval/Documents/Unreal Projects/AniBunny/Content/AdvancedVillagePack/Meshes/SM_House_Var02.uasset" 306
"D:/Users/Yuval/Documents/Unreal Projects/AniBunny/Content/AdvancedVillagePack/Meshes/SM_House_Var02_Extra.uasset" 307
"D:/Users/Yuval/Documents/Unreal Projects/AniBunny/Content/AdvancedVillagePack/Blueprints/BP_House_Var02.uasset" 308
"D:/Users/Yuval/Documents/Unreal Projects/AniBunny/Content/AdvancedVillagePack/Effects/Pfx_LightInsects.uasset" 309
"D:/Users/Yuval/Documents/Unreal Projects/AniBunny/Content/AdvancedVillagePack/Textures/T_Pack_03_D.uasset" 310
"D:/Users/Yuval/Documents/Unreal Projects/AniBunny/Content/AdvancedVillagePack/Textures/T_Pack_03_N.uasset" 311
"D:/Users/Yuval/Documents/Unreal Projects/AniBunny/Content/AdvancedVillagePack/Textures/T_Pack_03_RM.uasset" 312
"D:/Users/Yuval/Documents/Unreal Projects/AniBunny/Content/AdvancedVillagePack/Materials/M_Inst_Pack_03.uasset" 313
"D:/Users/Yuval/Documents/Unreal Projects/AniBunny/Content/AdvancedVillagePack/Meshes/SM_StreetLight.uasset" 314
"D:/Users/Yuval/Documents/Unreal Projects/AniBunny/Content/AdvancedVillagePack/Blueprints/BP_Street_Lamp.uasset" 315
"D:/Users/Yuval/Documents/Unreal Projects/AniBunny/Content/AdvancedVillagePack/Materials/M_Pfx_Diffuse_TwoSidedFoliage.uasset" 316
"D:/Users/Yuval/Documents/Unreal Projects/AniBunny/Content/AdvancedVillagePack/Materials/M_Inst_Pfx_Leafs.uasset" 317
"D:/Users/Yuval/Documents/Unreal Projects/AniBunny/Content/AdvancedVillagePack/Effects/Pfx_FallingLeafs.uasset" 318
"D:/Users/Yuval/Documents/Unreal Projects/AniBunny/Content/AdvancedVillagePack/Textures/T_Pack_TreeLeafs_D.uasset" 319
"D:/Users/Yuval/Documents/Unreal Projects/AniBunny/Content/AdvancedVillagePack/Textures/T_Pack_TreeLeafs_Mask.uasset" 320
"D:/Users/Yuval/Documents/Unreal Projects/AniBunny/Content/AdvancedVillagePack/Textures/T_Pack_TreeLeafs_N.uasset" 321
"D:/Users/Yuval/Documents/Unreal Projects/AniBunny/Content/AdvancedVillagePack/Textures/T_Pack_TreeLeafs_O.uasset" 322
"D:/Users/Yuval/Documents/Unreal Projects/AniBunny/Content/AdvancedVillagePack/Textures/T_Pack_TreeLeafs_RM.uasset" 323
"D:/Users/Yuval/Documents/Unreal Projects/AniBunny/Content/AdvancedVillagePack/Materials/M_Uber_Cutout_Wind.uasset" 324
"D:/Users/Yuval/Documents/Unreal Projects/AniBunny/Content/AdvancedVillagePack/Materials/M_Inst_TreeLeafs.uasset" 325
"D:/Users/Yuval/Documents/Unreal Projects/AniBunny/Content/AdvancedVillagePack/Textures/T_Pack_TreeTrunks_D.uasset" 326
"D:/Users/Yuval/Documents/Unreal Projects/AniBunny/Content/AdvancedVillagePack/Textures/T_Pack_TreeTrunks_N.uasset" 327
"D:/Users/Yuval/Documents/Unreal Projects/AniBunny/Content/AdvancedVillagePack/Textures/T_Pack_TreeTrunks_RM.uasset" 328
"D:/Users/Yuval/Documents/Unreal Projects/AniBunny/Content/AdvancedVillagePack/Materials/M_Inst_TreeTrunks.uasset" 329
"D:/Users/Yuval/Documents/Unreal Projects/AniBunny/Content/AdvancedVillagePack/Meshes/SM_Tree_Var01.uasset" 330
"D:/Users/Yuval/Documents/Unreal Projects/AniBunny/Content/AdvancedVillagePack/Meshes/SM_Tree_Var02.uasset" 331
"D:/Users/Yuval/Documents/Unreal Projects/AniBunny/Content/AdvancedVillagePack/Meshes/SM_Tree_Var03.uasset" 332
"D:/Users/Yuval/Documents/Unreal Projects/AniBunny/Content/AdvancedVillagePack/Meshes/SM_Tree_Var04.uasset" 333
"D:/Users/Yuval/Documents/Unreal Projects/AniBunny/Content/AdvancedVillagePack/Meshes/SM_Tree_Var05.uasset" 334
"D:/Users/Yuval/Documents/Unreal Projects/AniBunny/Content/AdvancedVillagePack/Blueprints/BP_Tree.uasset" 335
"D:/Users/Yuval/Documents/Unreal Projects/AniBunny/Content/AdvancedVillagePack/Textures/T_Pack_06_O.uasset" 336
"D:/Users/Yuval/Documents/Unreal Projects/AniBunny/Content/AdvancedVillagePack/Materials/M_Uber_Cutout.uasset" 337
"D:/Users/Yuval/Documents/Unreal Projects/AniBunny/Content/AdvancedVillagePack/Materials/M_Inst_Pack_06_Cutout.uasset" 338
"D:/Users/Yuval/Documents/Unreal Projects/AniBunny/Content/AdvancedVillagePack/Meshes/SM_Flower_Var01.uasset" 339
"D:/Users/Yuval/Documents/Unreal Projects/AniBunny/Content/AdvancedVillagePack/Meshes/SM_Flower_Var02.uasset" 340
"D:/Users/Yuval/Documents/Unreal Projects/AniBunny/Content/AdvancedVillagePack/Meshes/SM_Flower_Var03.uasset" 341
"D:/Users/Yuval/Documents/Unreal Projects/AniBunny/Content/AdvancedVillagePack/Meshes/SM_Flower_Var04.uasset" 342
"D:/Users/Yuval/Documents/Unreal Projects/AniBunny/Content/AdvancedVillagePack/Meshes/SM_Flower_Var05.uasset" 343
"D:/Users/Yuval/Documents/Unreal Projects/AniBunny/Content/AdvancedVillagePack/Meshes/SM_Flower_Var06.uasset" 344
"D:/Users/Yuval/Documents/Unreal Projects/AniBunny/Content/AdvancedVillagePack/Textures/Landscape/T_Foliage_Var01_D.uasset" 345
"D:/Users/Yuval/Documents/Unreal Projects/AniBunny/Content/AdvancedVillagePack/Textures/Landscape/T_Foliage_Var01_O.uasset" 346
"D:/Users/Yuval/Documents/Unreal Projects/AniBunny/Content/AdvancedVillagePack/Materials/M_Inst_Landscape_Foliage_Var01.uasset" 347
"D:/Users/Yuval/Documents/Unreal Projects/AniBunny/Content/AdvancedVillagePack/Meshes/SM_GrassPatch_Var01.uasset" 348
"D:/Users/Yuval/Documents/Unreal Projects/AniBunny/Content/AdvancedVillagePack/Materials/M_Simple_Cutout_Wind.uasset" 349
"D:/Users/Yuval/Documents/Unreal Projects/AniBunny/Content/AdvancedVillagePack/Textures/Landscape/T_Foliage_Var02_D.uasset" 350
"D:/Users/Yuval/Documents/Unreal Projects/AniBunny/Content/AdvancedVillagePack/Textures/Landscape/T_Foliage_Var02_O.uasset" 351
"D:/Users/Yuval/Documents/Unreal Projects/AniBunny/Content/AdvancedVillagePack/Materials/M_Inst_Landscape_Foliage_Var02.uasset" 352
"D:/Users/Yuval/Documents/Unreal Projects/AniBunny/Content/AdvancedVillagePack/Meshes/SM_GrassPatch_Var02.uasset" 353
"D:/Users/Yuval/Documents/Unreal Projects/AniBunny/Content/AdvancedVillagePack/Meshes/SM_Well.uasset" 354
"D:/Users/Yuval/Documents/Unreal Projects/AniBunny/Content/AdvancedVillagePack/Meshes/SM_Well_Extra01.uasset" 355
"D:/Users/Yuval/Documents/Unreal Projects/AniBunny/Content/AdvancedVillagePack/Meshes/SM_Well_Extra02.uasset" 356
"D:/Users/Yuval/Documents/Unreal Projects/AniBunny/Content/AdvancedVillagePack/Meshes/SM_Well_Extra03.uasset" 357
"D:/Users/Yuval/Documents/Unreal Projects/AniBunny/Content/AdvancedVillagePack/Meshes/SM_Well_Extra04.uasset" 358
"D:/Users/Yuval/Documents/Unreal Projects/AniBunny/Content/AdvancedVillagePack/Blueprints/BP_Well.uasset" 359
"../../../Engine/Content/EditorBlueprintResources/StandardMacros.uasset" 360
"D:/Users/Yuval/Documents/Unreal Projects/AniBunny/Content/Blueprints/BP_AniBunnyGameInstance.uasset" 361
"D:/Users/Yuval/Documents/Unreal Projects/AniBunny/Content/AniBunny/Animation/AniBunny_ActionAnim.uasset" 362
"D:/Users/Yuval/Documents/Unreal Projects/AniBunny/Content/AniBunny/Animation/AniBunny_ActionAnim_Montage.uasset" 363
"D:/Users/Yuval/Documents/Unreal Projects/AniBunny/Content/AniBunny/Animation/AniBunny_JumpEndAnim.uasset" 364
"D:/Users/Yuval/Documents/Unreal Projects/AniBunny/Content/AniBunny/Animation/AniBunny_JumpMidAnim.uasset" 365
"D:/Users/Yuval/Documents/Unreal Projects/AniBunny/Content/AniBunny/Animation/AniBunny_JumpStartAnim.uasset" 366
"D:/Users/Yuval/Documents/Unreal Projects/AniBunny/Content/AniBunny/Animation/AniBunny_IdleAnim.uasset" 367
"D:/Users/Yuval/Documents/Unreal Projects/AniBunny/Content/AniBunny/Animation/AniBunny_RunAnim.uasset" 368
"D:/Users/Yuval/Documents/Unreal Projects/AniBunny/Content/AniBunny/Animation/BS_AniBunnyIdleRun.uasset" 369
"D:/Users/Yuval/Documents/Unreal Projects/AniBunny/Content/AniBunny/AniBunny_PhysicsAsset.uasset" 370
"D:/Users/Yuval/Documents/Unreal Projects/AniBunny/Content/AniBunny/Animation/ABP_AniBunny.uasset" 371
"D:/Users/Yuval/Documents/Unreal Projects/AniBunny/Content/Plants/Materials/M_NoneEquipped.uasset" 372
"D:/Users/Yuval/Documents/Unreal Projects/AniBunny/Content/Plants/Materials/M_NoneEquipped_OutOfRange.uasset" 373
"D:/Users/Yuval/Documents/Unreal Projects/AniBunny/Content/Plants/Materials/M_NoneEquipped_Valid.uasset" 374
"../../../Engine/Content/EditorMeshes/ArcadeEditorSphere.uasset" 375
"D:/Users/Yuval/Documents/Unreal Projects/AniBunny/Content/Blueprints/Plants/BP_NoneEquippedPlant.uasset" 376
"D:/Users/Yuval/Documents/Unreal Projects/AniBunny/Content/AniBunny/Materials/Eyes.uasset" 377
"D:/Users/Yuval/Documents/Unreal Projects/AniBunny/Content/AniBunny/Materials/Nose.uasset" 378
"D:/Users/Yuval/Documents/Unreal Projects/AniBunny/Content/AniBunny/SK_AniBunny.uasset" 379
"D:/Users/Yuval/Documents/Unreal Projects/AniBunny/Content/AdvancedVillagePack/Textures/Landscape/T_Landscape_Soil_DH.uasset" 380
"D:/Users/Yuval/Documents/Unreal Projects/AniBunny/Content/AdvancedVillagePack/Textures/Landscape/T_Landscape_Soil_N.uasset" 381
"D:/Users/Yuval/Documents/Unreal Projects/AniBunny/Content/Plants/Materials/M_PlantedFlower.uasset" 382
"D:/Users/Yuval/Documents/Unreal Projects/AniBunny/Content/Plants/Materials/M_Uber_Cutout_Invalid.uasset" 383
"D:/Users/Yuval/Documents/Unreal Projects/AniBunny/Content/Plants/Materials/M_Uber_Cutout_OutOfRange.uasset" 384
"D:/Users/Yuval/Documents/Unreal Projects/AniBunny/Content/Plants/Materials/M_Uber_Cutout_Valid.uasset" 385
"../../../Engine/Content/BasicShapes/Sphere.uasset" 386
"D:/Users/Yuval/Documents/Unreal Projects/AniBunny/Content/Plants/Meshes/SM_AniBunny_Flower_Var01.uasset" 387
"D:/Users/Yuval/Documents/Unreal Projects/AniBunny/Content/Blueprints/Plants/BP_PlantableFlower_01.uasset" 388
"D:/Users/Yuval/Documents/Unreal Projects/AniBunny/Content/Plants/Meshes/SM_AniBunny_Flower_Var06.uasset" 389
"D:/Users/Yuval/Documents/Unreal Projects/AniBunny/Content/Blueprints/Plants/BP_PlantableFlower_03.uasset" 390
"D:/Users/Yuval/Documents/Unreal Projects/AniBunny/Content/UI/Fonts/Comic_Kings.uasset" 391
"D:/Users/Yuval/Documents/Unreal Projects/AniBunny/Content/UI/Fonts/Comic_Kings_Font.uasset" 392
"D:/Users/Yuval/Documents/Unreal Projects/AniBunny/Content/UI/Materials/MText_Pulsing.uasset" 393
"D:/Users/Yuval/Documents/Unreal Projects/AniBunny/Content/UI/Images/NoneEquipped_Thumbnail.uasset" 394
"D:/Users/Yuval/Documents/Unreal Projects/AniBunny/Content/UI/Images/PlantableFlower_01_Thumbnail.uasset" 395
"D:/Users/Yuval/Documents/Unreal Projects/AniBunny/Content/UI/Images/PlantableFlower_02_Thumbnail.uasset" 396
"D:/Users/Yuval/Documents/Unreal Projects/AniBunny/Content/UI/WBP_GardeningModeUI.uasset" 397
"D:/Users/Yuval/Documents/Unreal Projects/AniBunny/Content/Blueprints/BP_PlayerPawn.uasset" 398
"D:/Users/Yuval/Documents/Unreal Projects/AniBunny/Content/PlatformerPack/Textures/Pl_plastic_n.uasset" 399
"D:/Users/Yuval/Documents/Unreal Projects/AniBunny/Content/PlatformerPack/Textures/Pl_plastic_r.uasset" 400
"D:/Users/Yuval/Documents/Unreal Projects/AniBunny/Content/PlatformerPack/Materials/M_Metal_Black_Parent.uasset" 401
"D:/Users/Yuval/Documents/Unreal Projects/AniBunny/Content/CustomizedAssets/M_AniBunny_Portal_Instance.uasset" 402
"D:/Users/Yuval/Documents/Unreal Projects/AniBunny/Content/CustomizedAssets/SM_AniBunny_Portal.uasset" 403
"D:/Users/Yuval/Documents/Unreal Projects/AniBunny/Content/Blueprints/BP_PortalToPlatfromerLevel01.uasset" 404
"D:/Users/Yuval/Documents/Unreal Projects/AniBunny/Content/Blueprints/GameModes/BP_AniBunnyBaseGameMode.uasset" 405
"D:/Users/Yuval/Documents/Unreal Projects/AniBunny/Content/Collectibles/M_CollectibleSphere.uasset" 406
"D:/Users/Yuval/Documents/Unreal Projects/AniBunny/Content/Collectibles/SM_AniBunnyCollectibleSphere.uasset" 407
"D:/Users/Yuval/Documents/Unreal Projects/AniBunny/Content/Collectibles/BP_FlowerCollectible.uasset" 408
"../../../Engine/Content/EngineSky/C_Sky_Cloud_Color.uasset" 409
"../../../Engine/Content/EngineSky/C_Sky_Horizon_Color.uasset" 410
"../../../Engine/Content/EngineSky/C_Sky_Zenith_Color.uasset" 411
"../../../Engine/Content/EngineSky/T_Sky_Blue.uasset" 412
"../../../Engine/Content/EngineSky/T_Sky_Clouds_M.uasset" 413
"../../../Engine/Content/EngineSky/T_Sky_Stars.uasset" 414
"../../../Engine/Content/EngineSky/M_Sky_Panning_Clouds2.uasset" 415
"D:/Users/Yuval/Documents/Unreal Projects/AniBunny/Content/Sky/M_Sky_Panning_Clouds_AniBunnyPlatformer.uasset" 416
"../../../Engine/Content/EngineSky/SM_SkySphere.uasset" 417
"D:/Users/Yuval/Documents/Unreal Projects/AniBunny/Content/Sky/BP_Sky_Sphere_AniBunny.uasset" 418
"D:/Users/Yuval/Documents/Unreal Projects/AniBunny/Content/Foliage/BaseMapFoliage/TreeBP.uasset" 419
"D:/Users/Yuval/Documents/Unreal Projects/AniBunny/Content/Foliage/BaseMapFoliage/GrassVar1.uasset" 420
"D:/Users/Yuval/Documents/Unreal Projects/AniBunny/Content/Foliage/BaseMapFoliage/GrassVar2.uasset" 421
"D:/Users/Yuval/Documents/Unreal Projects/AniBunny/Content/AdvancedVillagePack/Textures/Landscape/T_Foliage_Var03_D.uasset" 422
"D:/Users/Yuval/Documents/Unreal Projects/AniBunny/Content/AdvancedVillagePack/Textures/Landscape/T_Foliage_Var03_O.uasset" 423
"D:/Users/Yuval/Documents/Unreal Projects/AniBunny/Content/AdvancedVillagePack/Materials/M_Inst_Landscape_Foliage_Var03.uasset" 424
"D:/Users/Yuval/Documents/Unreal Projects/AniBunny/Content/AdvancedVillagePack/Meshes/SM_GrassPatch_Var03.uasset" 425
"D:/Users/Yuval/Documents/Unreal Projects/AniBunny/Content/Foliage/BaseMapFoliage/GrassVar3.uasset" 426
"D:/Users/Yuval/Documents/Unreal Projects/AniBunny/Content/AdvancedVillagePack/Meshes/SM_StoneFlat_Var01.uasset" 427
"D:/Users/Yuval/Documents/Unreal Projects/AniBunny/Content/Foliage/BaseMapFoliage/StonePath.uasset" 428
"D:/Users/Yuval/Documents/Unreal Projects/AniBunny/Content/Foliage/BaseMapFoliage/TreesVar1.uasset" 429
"D:/Users/Yuval/Documents/Unreal Projects/AniBunny/Content/Foliage/BaseMapFoliage/TreesVar2.uasset" 430
"D:/Users/Yuval/Documents/Unreal Projects/AniBunny/Content/Foliage/BaseMapFoliage/TreesVar3.uasset" 431
"D:/Users/Yuval/Documents/Unreal Projects/AniBunny/Content/Foliage/BaseMapFoliage/TreesVar4.uasset" 432
"D:/Users/Yuval/Documents/Unreal Projects/AniBunny/Content/Foliage/BaseMapFoliage/TreesVar5.uasset" 433
"D:/Users/Yuval/Documents/Unreal Projects/AniBunny/Content/AdvancedVillagePack/Maps/AdvancedVillagePack_DemoScene_sharedassets/Layer01_LayerInfo.uasset" 434
"D:/Users/Yuval/Documents/Unreal Projects/AniBunny/Content/AdvancedVillagePack/Maps/AdvancedVillagePack_DemoScene_sharedassets/Layer02_LayerInfo.uasset" 435
"D:/Users/Yuval/Documents/Unreal Projects/AniBunny/Content/AdvancedVillagePack/Maps/AdvancedVillagePack_DemoScene_sharedassets/Layer03_LayerInfo.uasset" 436
"D:/Users/Yuval/Documents/Unreal Projects/AniBunny/Content/Maps/BaseMap_BuiltData.uasset" 437
"D:/Users/Yuval/Documents/Unreal Projects/AniBunny/Content/AdvancedVillagePack/Textures/Effects/T_Water_N.uasset" 438
"D:/Users/Yuval/Documents/Unreal Projects/AniBunny/Content/AdvancedVillagePack/Materials/M_Water.uasset" 439
"D:/Users/Yuval/Documents/Unreal Projects/AniBunny/Content/AdvancedVillagePack/Textures/Landscape/T_Landscape_Grass_DH.uasset" 440
"D:/Users/Yuval/Documents/Unreal Projects/AniBunny/Content/AdvancedVillagePack/Textures/Landscape/T_Landscape_Grass_N.uasset" 441
"D:/Users/Yuval/Documents/Unreal Projects/AniBunny/Content/AdvancedVillagePack/Textures/Landscape/T_Landscape_Pebbles_DH.uasset" 442
"D:/Users/Yuval/Documents/Unreal Projects/AniBunny/Content/AdvancedVillagePack/Textures/Landscape/T_Landscape_Pebbles_N.uasset" 443
"D:/Users/Yuval/Documents/Unreal Projects/AniBunny/Content/AdvancedVillagePack/Materials/M_Landscape.uasset" 444
"D:/Users/Yuval/Documents/Unreal Projects/AniBunny/Content/AdvancedVillagePack/Materials/M_Inst_Landscape.uasset" 445
"../../../Engine/Content/BasicShapes/Cube.uasset" 446
"D:/Users/Yuval/Documents/Unreal Projects/AniBunny/Content/AdvancedVillagePack/Meshes/SM_Axe.uasset" 447
"D:/Users/Yuval/Documents/Unreal Projects/AniBunny/Content/AdvancedVillagePack/Materials/M_Inst_Pack_01.uasset" 448
"D:/Users/Yuval/Documents/Unreal Projects/AniBunny/Content/AdvancedVillagePack/Meshes/SM_Barrel.uasset" 449
"D:/Users/Yuval/Documents/Unreal Projects/AniBunny/Content/AdvancedVillagePack/Textures/T_Pack_07_D.uasset" 450
"D:/Users/Yuval/Documents/Unreal Projects/AniBunny/Content/AdvancedVillagePack/Textures/T_Pack_07_N.uasset" 451
"D:/Users/Yuval/Documents/Unreal Projects/AniBunny/Content/AdvancedVillagePack/Textures/T_Pack_07_RM.uasset" 452
"D:/Users/Yuval/Documents/Unreal Projects/AniBunny/Content/AdvancedVillagePack/Materials/M_Inst_Pack_07.uasset" 453
"D:/Users/Yuval/Documents/Unreal Projects/AniBunny/Content/AdvancedVillagePack/Meshes/SM_Boat.uasset" 454
"D:/Users/Yuval/Documents/Unreal Projects/AniBunny/Content/AdvancedVillagePack/Meshes/SM_Bridge_Var01.uasset" 455
"D:/Users/Yuval/Documents/Unreal Projects/AniBunny/Content/AdvancedVillagePack/Meshes/SM_Bridge_Var02.uasset" 456
"D:/Users/Yuval/Documents/Unreal Projects/AniBunny/Content/AdvancedVillagePack/Meshes/SM_Bridge_Var03.uasset" 457
"D:/Users/Yuval/Documents/Unreal Projects/AniBunny/Content/AdvancedVillagePack/Meshes/SM_Cart_Var01.uasset" 458
"D:/Users/Yuval/Documents/Unreal Projects/AniBunny/Content/AdvancedVillagePack/Meshes/SM_Fence_Var01.uasset" 459
"D:/Users/Yuval/Documents/Unreal Projects/AniBunny/Content/AdvancedVillagePack/Meshes/SM_Fence_Var02.uasset" 460
"D:/Users/Yuval/Documents/Unreal Projects/AniBunny/Content/AdvancedVillagePack/Meshes/SM_Fence_Var03.uasset" 461
"D:/Users/Yuval/Documents/Unreal Projects/AniBunny/Content/AdvancedVillagePack/Meshes/SM_Fence_Var04.uasset" 462
"D:/Users/Yuval/Documents/Unreal Projects/AniBunny/Content/AdvancedVillagePack/Meshes/SM_Treestump_Var01.uasset" 463
"D:/Users/Yuval/Documents/Unreal Projects/AniBunny/Content/PhysicalMaterials/Ground_PhysicalMaterial.uasset" 464
"D:/Users/Yuval/Documents/Unreal Projects/AniBunny/Content/Maps/BaseMap.umap" 465
"../../../Engine/Content/Functions/Engine_MaterialFunctions03/ComplexMotion/Motion_4WayChaos.uasset" 466
"../../../Engine/Content/Engine_MI_Shaders/T_Base_Tile_Normal.uasset" 467
"../../../Engine/Content/Functions/Engine_MaterialFunctions03/ComplexMotion/Motion_4WayChaos_Normal.uasset" 468
"../../../Engine/Content/MapTemplates/Sky/DaylightAmbientCubemap.uasset" 469
"D:/Users/Yuval/Documents/Unreal Projects/AniBunny/Content/PlatformerPack/Ocean/Textures/T_LargeWaves_H.uasset" 470
"D:/Users/Yuval/Documents/Unreal Projects/AniBunny/Content/PlatformerPack/Ocean/Textures/T_LargeWaves_N.uasset" 471
"D:/Users/Yuval/Documents/Unreal Projects/AniBunny/Content/PlatformerPack/Ocean/Textures/T_Seafoam_01.uasset" 472
"D:/Users/Yuval/Documents/Unreal Projects/AniBunny/Content/PlatformerPack/Ocean/Textures/T_SmallWaves_N.uasset" 473
"D:/Users/Yuval/Documents/Unreal Projects/AniBunny/Content/PlatformerPack/Ocean/Materials/M_OceanWater_1.uasset" 474
"../../../Engine/Content/MapTemplates/Sky/Desert_Outer_HDR.uasset" 475
"D:/Users/Yuval/Documents/Unreal Projects/AniBunny/Content/PlatformerPack/Ocean/Materials/M_OceanWater_1_Inst.uasset" 476
"D:/Users/Yuval/Documents/Unreal Projects/AniBunny/Content/PlatformerPack/Ocean/Meshes/SM_OceanWater.uasset" 477
"D:/Users/Yuval/Documents/Unreal Projects/AniBunny/Content/Blueprints/BP_DeathWater.uasset" 478
"D:/Users/Yuval/Documents/Unreal Projects/AniBunny/Content/Blueprints/BP_PortalToBaseMap.uasset" 479
"D:/Users/Yuval/Documents/Unreal Projects/AniBunny/Content/Blueprints/GameModes/BP_AniBunnyPlatformerGameMode.uasset" 480
"D:/Users/Yuval/Documents/Unreal Projects/AniBunny/Content/PlatformerTrees/BP_PlatformerTrees.uasset" 481
"../../../Engine/Content/BasicShapes/Plane.uasset" 482
"D:/Users/Yuval/Documents/Unreal Projects/AniBunny/Content/PlatformerPack/Textures/Pl_Patterns_m.uasset" 483
"D:/Users/Yuval/Documents/Unreal Projects/AniBunny/Content/PlatformerPack/Materials/M_Plastic_Blue_Pattern_Parent.uasset" 484
"D:/Users/Yuval/Documents/Unreal Projects/AniBunny/Content/PlatformerPack/Materials/M_Plastic_black_Parent.uasset" 485
"D:/Users/Yuval/Documents/Unreal Projects/AniBunny/Content/PlatformerPack/Materials/M_Plastic_blue_Inst.uasset" 486
"D:/Users/Yuval/Documents/Unreal Projects/AniBunny/Content/PlatformerPack/Meshes/Pl_MetalBox_2m.uasset" 487
"D:/Users/Yuval/Documents/Unreal Projects/AniBunny/Content/PlatformerPack/Materials/M_Plastic_Orange_Inst.uasset" 488
"D:/Users/Yuval/Documents/Unreal Projects/AniBunny/Content/PlatformerPack/Materials/M_Plastic_Orange_Pattern_Inst.uasset" 489
"D:/Users/Yuval/Documents/Unreal Projects/AniBunny/Content/PlatformerPack/Meshes/Pl_MetalBox_4x4m.uasset" 490
"D:/Users/Yuval/Documents/Unreal Projects/AniBunny/Content/Platforms/BP_MovingPlatfrom.uasset" 491
"D:/Users/Yuval/Documents/Unreal Projects/AniBunny/Content/Platforms/BP_RotatingPlatform.uasset" 492
"D:/Users/Yuval/Documents/Unreal Projects/AniBunny/Content/Maps/PlatformerLevel01_BuiltData.uasset" 493
"../../../Engine/Content/EngineMaterials/DefaultPhysicalMaterial.uasset" 494
"D:/Users/Yuval/Documents/Unreal Projects/AniBunny/Content/AdvancedVillagePack/Materials/M_AniBunny_PinkUber_Cutout_Wind.uasset" 495
"D:/Users/Yuval/Documents/Unreal Projects/AniBunny/Content/AdvancedVillagePack/Meshes/SM_AniBunny_PinkTree_Var06.uasset" 496
"D:/Users/Yuval/Documents/Unreal Projects/AniBunny/Content/PlatformerPack/Materials/M_AniBunny_Cliff.uasset" 497
"D:/Users/Yuval/Documents/Unreal Projects/AniBunny/Content/PlatformerPack/Textures/Pl_Grass_n.uasset" 498
"D:/Users/Yuval/Documents/Unreal Projects/AniBunny/Content/PlatformerPack/Textures/Pl_Grass_r.uasset" 499
"D:/Users/Yuval/Documents/Unreal Projects/AniBunny/Content/PlatformerPack/Materials/M_AniBunny_PlatformGrassTop.uasset" 500
"D:/Users/Yuval/Documents/Unreal Projects/AniBunny/Content/PlatformerPack/Meshes/Pl_8m_Platform_rnd.uasset" 501
"D:/Users/Yuval/Documents/Unreal Projects/AniBunny/Content/PlatformerPack/Materials/M_Plastic_Yellow_Inst.uasset" 502
"D:/Users/Yuval/Documents/Unreal Projects/AniBunny/Content/PlatformerPack/Materials/M_Plastic_Yellow_Pattern_Inst.uasset" 503
"D:/Users/Yuval/Documents/Unreal Projects/AniBunny/Content/PlatformerPack/Meshes/Pl_MetalBox_8x4m.uasset" 504
"D:/Users/Yuval/Documents/Unreal Projects/AniBunny/Content/PlatformerPack/Materials/M_Wood_Yellow_Instance.uasset" 505
"D:/Users/Yuval/Documents/Unreal Projects/AniBunny/Content/PlatformerPack/Meshes/Pl_Woodcatwalk_4m_01.uasset" 506
"D:/Users/Yuval/Documents/Unreal Projects/AniBunny/Content/PlatformerPack/Meshes/Pl_Woodcatwalk_4m_02.uasset" 507
"D:/Users/Yuval/Documents/Unreal Projects/AniBunny/Content/Maps/PlatformerLevel01.umap" 508
"../../../Engine/Content/EngineSky/M_Sky_Panning_Clouds2_Inst.uasset" 509
"../../../Engine/Content/EngineSky/BP_Sky_Sphere.uasset" 510
"D:/Users/Yuval/Documents/Unreal Projects/AniBunny/Content/AdvancedVillagePack/Blueprints/Misc/BP_Interface_OnDayOnNight.uasset" 511
"D:/Users/Yuval/Documents/Unreal Projects/AniBunny/Content/AdvancedVillagePack/Blueprints/BP_CampFire_OnDayOnNight.uasset" 512
"D:/Users/Yuval/Documents/Unreal Projects/AniBunny/Content/AdvancedVillagePack/Blueprints/BP_House_Var01_OnDayOnNight.uasset" 513
"D:/Users/Yuval/Documents/Unreal Projects/AniBunny/Content/AdvancedVillagePack/Blueprints/BP_House_Var02_OnDayOnNight.uasset" 514
"D:/Users/Yuval/Documents/Unreal Projects/AniBunny/Content/AdvancedVillagePack/Blueprints/BP_Street_Lamp_OnDayOnNight.uasset" 515
"D:/Users/Yuval/Documents/Unreal Projects/AniBunny/Content/AdvancedVillagePack/Blueprints/Misc/BP_Misc_Text.uasset" 516
"../../../Engine/Content/TemplateResources/M_Template_Master.uasset" 517
"../../../Engine/Content/TemplateResources/MI_Template_BaseGray_03_Metal.uasset" 518
"D:/Users/Yuval/Documents/Unreal Projects/AniBunny/Content/AdvancedVillagePack/Materials/M_Pfx_DustParticles.uasset" 519
"D:/Users/Yuval/Documents/Unreal Projects/AniBunny/Content/AdvancedVillagePack/Effects/Pfx_DustParticles.uasset" 520
"D:/Users/Yuval/Documents/Unreal Projects/AniBunny/Content/AdvancedVillagePack/Effects/Pfx_Mist.uasset" 521
"D:/Users/Yuval/Documents/Unreal Projects/AniBunny/Content/AdvancedVillagePack/Meshes/SM_Apple.uasset" 522
"D:/Users/Yuval/Documents/Unreal Projects/AniBunny/Content/AdvancedVillagePack/Meshes/SM_Bridge_Var04.uasset" 523
"D:/Users/Yuval/Documents/Unreal Projects/AniBunny/Content/AdvancedVillagePack/Meshes/SM_Bucket.uasset" 524
"D:/Users/Yuval/Documents/Unreal Projects/AniBunny/Content/AdvancedVillagePack/Meshes/SM_Cart_Var02.uasset" 525
"D:/Users/Yuval/Documents/Unreal Projects/AniBunny/Content/AdvancedVillagePack/Meshes/SM_Cauldron.uasset" 526
"D:/Users/Yuval/Documents/Unreal Projects/AniBunny/Content/AdvancedVillagePack/Meshes/SM_Crate_Closed.uasset" 527
"D:/Users/Yuval/Documents/Unreal Projects/AniBunny/Content/AdvancedVillagePack/Meshes/SM_Crate_Open.uasset" 528
"D:/Users/Yuval/Documents/Unreal Projects/AniBunny/Content/AdvancedVillagePack/Meshes/SM_Hay_Small_Var01.uasset" 529
"D:/Users/Yuval/Documents/Unreal Projects/AniBunny/Content/AdvancedVillagePack/Meshes/SM_Hay_Small_Var02.uasset" 530
"D:/Users/Yuval/Documents/Unreal Projects/AniBunny/Content/AdvancedVillagePack/Meshes/SM_Hay_Stack.uasset" 531
"D:/Users/Yuval/Documents/Unreal Projects/AniBunny/Content/AdvancedVillagePack/Materials/M_Inst_Pack_05_LightsOn.uasset" 532
"D:/Users/Yuval/Documents/Unreal Projects/AniBunny/Content/AdvancedVillagePack/Meshes/SM_House_Var01_Extra01_LightsOn.uasset" 533
"D:/Users/Yuval/Documents/Unreal Projects/AniBunny/Content/AdvancedVillagePack/Meshes/SM_House_Var01_Extra02_LightsOn.uasset" 534
"D:/Users/Yuval/Documents/Unreal Projects/AniBunny/Content/AdvancedVillagePack/Materials/M_Inst_Pack_04_LightsOn.uasset" 535
"D:/Users/Yuval/Documents/Unreal Projects/AniBunny/Content/AdvancedVillagePack/Meshes/SM_House_Var01_LightsOn.uasset" 536
"D:/Users/Yuval/Documents/Unreal Projects/AniBunny/Content/AdvancedVillagePack/Materials/M_Inst_Pack_09_LightsOn.uasset" 537
"D:/Users/Yuval/Documents/Unreal Projects/AniBunny/Content/AdvancedVillagePack/Meshes/SM_House_Var02_LightsOn.uasset" 538
"D:/Users/Yuval/Documents/Unreal Projects/AniBunny/Content/AdvancedVillagePack/Meshes/SM_Ladder.uasset" 539
"D:/Users/Yuval/Documents/Unreal Projects/AniBunny/Content/AdvancedVillagePack/Meshes/SM_Log_Var04.uasset" 540
"D:/Users/Yuval/Documents/Unreal Projects/AniBunny/Content/AdvancedVillagePack/Meshes/SM_Logs_Var01.uasset" 541
"D:/Users/Yuval/Documents/Unreal Projects/AniBunny/Content/AdvancedVillagePack/Meshes/SM_Logs_Var02.uasset" 542
"D:/Users/Yuval/Documents/Unreal Projects/AniBunny/Content/AdvancedVillagePack/Meshes/SM_Mushroom_Var01.uasset" 543
"D:/Users/Yuval/Documents/Unreal Projects/AniBunny/Content/AdvancedVillagePack/Meshes/SM_Mushroom_Var02.uasset" 544
"D:/Users/Yuval/Documents/Unreal Projects/AniBunny/Content/AdvancedVillagePack/Meshes/SM_Mushroom_Var03.uasset" 545
"D:/Users/Yuval/Documents/Unreal Projects/AniBunny/Content/AdvancedVillagePack/Meshes/SM_Mushroom_Var04.uasset" 546
"D:/Users/Yuval/Documents/Unreal Projects/AniBunny/Content/AdvancedVillagePack/Meshes/SM_Mushroom_Var05.uasset" 547
"D:/Users/Yuval/Documents/Unreal Projects/AniBunny/Content/AdvancedVillagePack/Meshes/SM_Mushroom_Var06.uasset" 548
"D:/Users/Yuval/Documents/Unreal Projects/AniBunny/Content/AdvancedVillagePack/Meshes/SM_Pitchfork.uasset" 549
"D:/Users/Yuval/Documents/Unreal Projects/AniBunny/Content/AdvancedVillagePack/Meshes/SM_Plant.uasset" 550
"D:/Users/Yuval/Documents/Unreal Projects/AniBunny/Content/AdvancedVillagePack/Meshes/SM_Pot_Var01.uasset" 551
"D:/Users/Yuval/Documents/Unreal Projects/AniBunny/Content/AdvancedVillagePack/Meshes/SM_Pot_Var02.uasset" 552
"D:/Users/Yuval/Documents/Unreal Projects/AniBunny/Content/AdvancedVillagePack/Meshes/SM_Pot_Var03.uasset" 553
"D:/Users/Yuval/Documents/Unreal Projects/AniBunny/Content/AdvancedVillagePack/Meshes/SM_Pot_Var04.uasset" 554
"D:/Users/Yuval/Documents/Unreal Projects/AniBunny/Content/AdvancedVillagePack/Meshes/SM_Pot_Var05.uasset" 555
"D:/Users/Yuval/Documents/Unreal Projects/AniBunny/Content/AdvancedVillagePack/Meshes/SM_Pot_Var06.uasset" 556
"D:/Users/Yuval/Documents/Unreal Projects/AniBunny/Content/AdvancedVillagePack/Meshes/SM_Potato.uasset" 557
"D:/Users/Yuval/Documents/Unreal Projects/AniBunny/Content/AdvancedVillagePack/Meshes/SM_Pumpkin_Var01.uasset" 558
"D:/Users/Yuval/Documents/Unreal Projects/AniBunny/Content/AdvancedVillagePack/Meshes/SM_Pumpkin_Var02.uasset" 559
"D:/Users/Yuval/Documents/Unreal Projects/AniBunny/Content/AdvancedVillagePack/Meshes/SM_Pumpkin_Var03.uasset" 560
"D:/Users/Yuval/Documents/Unreal Projects/AniBunny/Content/AdvancedVillagePack/Meshes/SM_Sack_Apple.uasset" 561
"D:/Users/Yuval/Documents/Unreal Projects/AniBunny/Content/AdvancedVillagePack/Meshes/SM_Sack_Flour.uasset" 562
"D:/Users/Yuval/Documents/Unreal Projects/AniBunny/Content/AdvancedVillagePack/Meshes/SM_Sack_Potato.uasset" 563
"D:/Users/Yuval/Documents/Unreal Projects/AniBunny/Content/AdvancedVillagePack/Meshes/SM_Sack_Tomato.uasset" 564
"D:/Users/Yuval/Documents/Unreal Projects/AniBunny/Content/AdvancedVillagePack/Meshes/SM_Sack_Var01.uasset" 565
"D:/Users/Yuval/Documents/Unreal Projects/AniBunny/Content/AdvancedVillagePack/Meshes/SM_Sack_Var02.uasset" 566
"D:/Users/Yuval/Documents/Unreal Projects/AniBunny/Content/AdvancedVillagePack/Meshes/SM_SackWithApples.uasset" 567
"D:/Users/Yuval/Documents/Unreal Projects/AniBunny/Content/AdvancedVillagePack/Meshes/SM_SackWithPotatoes.uasset" 568
"D:/Users/Yuval/Documents/Unreal Projects/AniBunny/Content/AdvancedVillagePack/Meshes/SM_SackWithTomatoes.uasset" 569
"D:/Users/Yuval/Documents/Unreal Projects/AniBunny/Content/AdvancedVillagePack/Meshes/SM_Stone_Big_Var01.uasset" 570
"D:/Users/Yuval/Documents/Unreal Projects/AniBunny/Content/AdvancedVillagePack/Meshes/SM_Stone_Big_Var02.uasset" 571
"D:/Users/Yuval/Documents/Unreal Projects/AniBunny/Content/AdvancedVillagePack/Meshes/SM_Stone_Big_Var03.uasset" 572
"D:/Users/Yuval/Documents/Unreal Projects/AniBunny/Content/AdvancedVillagePack/Meshes/SM_Stone_Big_Var04.uasset" 573
"D:/Users/Yuval/Documents/Unreal Projects/AniBunny/Content/AdvancedVillagePack/Meshes/SM_Stone_Big_Var05.uasset" 574
"D:/Users/Yuval/Documents/Unreal Projects/AniBunny/Content/AdvancedVillagePack/Meshes/SM_Stone_Medium_Var01.uasset" 575
"D:/Users/Yuval/Documents/Unreal Projects/AniBunny/Content/AdvancedVillagePack/Meshes/SM_Stone_Medium_Var02.uasset" 576
"D:/Users/Yuval/Documents/Unreal Projects/AniBunny/Content/AdvancedVillagePack/Meshes/SM_Stone_Medium_Var03.uasset" 577
"D:/Users/Yuval/Documents/Unreal Projects/AniBunny/Content/AdvancedVillagePack/Meshes/SM_Stone_Medium_Var04.uasset" 578
"D:/Users/Yuval/Documents/Unreal Projects/AniBunny/Content/AdvancedVillagePack/Meshes/SM_Stone_Medium_Var05.uasset" 579
"D:/Users/Yuval/Documents/Unreal Projects/AniBunny/Content/AdvancedVillagePack/Meshes/SM_StoneFlat_Var02.uasset" 580
"D:/Users/Yuval/Documents/Unreal Projects/AniBunny/Content/AdvancedVillagePack/Meshes/SM_StoneFlat_Var03.uasset" 581
"D:/Users/Yuval/Documents/Unreal Projects/AniBunny/Content/AdvancedVillagePack/Meshes/SM_StoneFlat_Var04.uasset" 582
"D:/Users/Yuval/Documents/Unreal Projects/AniBunny/Content/AdvancedVillagePack/Meshes/SM_StoneFlat_Var05.uasset" 583
"D:/Users/Yuval/Documents/Unreal Projects/AniBunny/Content/AdvancedVillagePack/Meshes/SM_Stonepath_Var01.uasset" 584
"D:/Users/Yuval/Documents/Unreal Projects/AniBunny/Content/AdvancedVillagePack/Meshes/SM_Stonepath_Var02.uasset" 585
"D:/Users/Yuval/Documents/Unreal Projects/AniBunny/Content/AdvancedVillagePack/Meshes/SM_Stonepath_Var03.uasset" 586
"D:/Users/Yuval/Documents/Unreal Projects/AniBunny/Content/AdvancedVillagePack/Materials/M_Inst_Pack_03_LightsOn.uasset" 587
"D:/Users/Yuval/Documents/Unreal Projects/AniBunny/Content/AdvancedVillagePack/Meshes/SM_StreetLight_LightsOn.uasset" 588
"D:/Users/Yuval/Documents/Unreal Projects/AniBunny/Content/AdvancedVillagePack/Meshes/SM_Tomato.uasset" 589
"D:/Users/Yuval/Documents/Unreal Projects/AniBunny/Content/AdvancedVillagePack/Meshes/SM_Torch_Var01.uasset" 590
"D:/Users/Yuval/Documents/Unreal Projects/AniBunny/Content/AdvancedVillagePack/Meshes/SM_Treestump_Var02.uasset" 591
"D:/Users/Yuval/Documents/Unreal Projects/AniBunny/Content/AdvancedVillagePack/Meshes/SM_Watermellon.uasset" 592
"D:/Users/Yuval/Documents/Unreal Projects/AniBunny/Content/AdvancedVillagePack/Meshes/SM_Wheel.uasset" 593
"D:/Users/Yuval/Documents/Unreal Projects/AniBunny/Content/AdvancedVillagePack/Maps/AdvancedVillagePack_Overview.umap" 594
"D:/Users/Yuval/Documents/Unreal Projects/AniBunny/Content/AdvancedVillagePack/Blueprints/Misc/BP_Misc_DayNight_Cycle.uasset" 595
"D:/Users/Yuval/Documents/Unreal Projects/AniBunny/Content/AdvancedVillagePack/Materials/M_Inst_Water.uasset" 596
"../../../Engine/Content/EditorResources/MatineeCam_D.uasset" 597
"D:/Users/Yuval/Documents/Unreal Projects/AniBunny/Content/AdvancedVillagePack/Maps/Texture2D_6_BaseColor.uasset" 598
"D:/Users/Yuval/Documents/Unreal Projects/AniBunny/Content/AdvancedVillagePack/Meshes/SM_Plane_1x1.uasset" 599
"D:/Users/Yuval/Documents/Unreal Projects/AniBunny/Content/AdvancedVillagePack/Maps/AdvancedVillagePack_Showcase.umap" 600
"D:/Users/Yuval/Documents/Unreal Projects/AniBunny/Content/PlatformerPack/Materials/M_Metal_Gold_Instance.uasset" 601
"D:/Users/Yuval/Documents/Unreal Projects/AniBunny/Content/PlatformerPack/Meshes/Pl_Coin_01.uasset" 602
"D:/Users/Yuval/Documents/Unreal Projects/AniBunny/Content/PlatformerPack/Blueprints/Pl_Coin_01.uasset" 603
"D:/Users/Yuval/Documents/Unreal Projects/AniBunny/Content/PlatformerPack/Materials/M_Metal_Red_Instance.uasset" 604
"D:/Users/Yuval/Documents/Unreal Projects/AniBunny/Content/PlatformerPack/Meshes/Pl_Coin_02.uasset" 605
"D:/Users/Yuval/Documents/Unreal Projects/AniBunny/Content/PlatformerPack/Blueprints/Pl_Coin_02.uasset" 606
"D:/Users/Yuval/Documents/Unreal Projects/AniBunny/Content/PlatformerPack/Meshes/Pl_PowerUp_01.uasset" 607
"D:/Users/Yuval/Documents/Unreal Projects/AniBunny/Content/PlatformerPack/Blueprints/Pl_PowerUp_01.uasset" 608
"D:/Users/Yuval/Documents/Unreal Projects/AniBunny/Content/PlatformerPack/Materials/M_Plastic_Red_Inst.uasset" 609
"D:/Users/Yuval/Documents/Unreal Projects/AniBunny/Content/PlatformerPack/Materials/M_Plastic_White_Inst.uasset" 610
"D:/Users/Yuval/Documents/Unreal Projects/AniBunny/Content/PlatformerPack/Meshes/Pl_PowerUp_02.uasset" 611
"D:/Users/Yuval/Documents/Unreal Projects/AniBunny/Content/PlatformerPack/Blueprints/Pl_PowerUp_02.uasset" 612
"D:/Users/Yuval/Documents/Unreal Projects/AniBunny/Content/PlatformerPack/Meshes/Pl_PowerUp_03.uasset" 613
"D:/Users/Yuval/Documents/Unreal Projects/AniBunny/Content/PlatformerPack/Blueprints/Pl_PowerUp_03.uasset" 614
"D:/Users/Yuval/Documents/Unreal Projects/AniBunny/Content/PlatformerPack/Meshes/Pl_PowerUp_04.uasset" 615
"D:/Users/Yuval/Documents/Unreal Projects/AniBunny/Content/PlatformerPack/Blueprints/Pl_PowerUp_04.uasset" 616
"D:/Users/Yuval/Documents/Unreal Projects/AniBunny/Content/PlatformerPack/Meshes/Pl_PowerUp_05.uasset" 617
"D:/Users/Yuval/Documents/Unreal Projects/AniBunny/Content/PlatformerPack/Blueprints/Pl_PowerUp_05.uasset" 618
"D:/Users/Yuval/Documents/Unreal Projects/AniBunny/Content/PlatformerPack/Meshes/Pl_PowerUp_06.uasset" 619
"D:/Users/Yuval/Documents/Unreal Projects/AniBunny/Content/PlatformerPack/Blueprints/Pl_PowerUp_06.uasset" 620
"D:/Users/Yuval/Documents/Unreal Projects/AniBunny/Content/PlatformerPack/Textures/Pl_Grass_d.uasset" 621
"D:/Users/Yuval/Documents/Unreal Projects/AniBunny/Content/PlatformerPack/Materials/M_Grass.uasset" 622
"D:/Users/Yuval/Documents/Unreal Projects/AniBunny/Content/PlatformerPack/Materials/M_Grass_nopattern.uasset" 623
"D:/Users/Yuval/Documents/Unreal Projects/AniBunny/Content/PlatformerPack/Materials/M_Plastic_Green_Inst.uasset" 624
"D:/Users/Yuval/Documents/Unreal Projects/AniBunny/Content/PlatformerPack/Materials/M_Plastic_Green_Pattern_Inst.uasset" 625
"D:/Users/Yuval/Documents/Unreal Projects/AniBunny/Content/PlatformerPack/Materials/M_Wood_White_Instance.uasset" 626
"D:/Users/Yuval/Documents/Unreal Projects/AniBunny/Content/PlatformerPack/Textures/BeanStalks_Textures/Pl_Leaf_01_d.uasset" 627
"D:/Users/Yuval/Documents/Unreal Projects/AniBunny/Content/PlatformerPack/Textures/BeanStalks_Textures/Pl_Leaf_01_n.uasset" 628
"D:/Users/Yuval/Documents/Unreal Projects/AniBunny/Content/PlatformerPack/Textures/BeanStalks_Textures/Pl_Leaf_01_r.uasset" 629
"D:/Users/Yuval/Documents/Unreal Projects/AniBunny/Content/PlatformerPack/Materials/BeanStalks_Materials/M_Leaf.uasset" 630
"D:/Users/Yuval/Documents/Unreal Projects/AniBunny/Content/PlatformerPack/Meshes/Beanstalks/Pl_Leaf_01.uasset" 631
"D:/Users/Yuval/Documents/Unreal Projects/AniBunny/Content/PlatformerPack/Meshes/Beanstalks/Pl_Leaf_02.uasset" 632
"D:/Users/Yuval/Documents/Unreal Projects/AniBunny/Content/PlatformerPack/Meshes/Beanstalks/Pl_Leaf_03.uasset" 633
"D:/Users/Yuval/Documents/Unreal Projects/AniBunny/Content/PlatformerPack/Meshes/Beanstalks/Pl_Leaf_04.uasset" 634
"D:/Users/Yuval/Documents/Unreal Projects/AniBunny/Content/PlatformerPack/Meshes/Beanstalks/Pl_Leaf_05.uasset" 635
"D:/Users/Yuval/Documents/Unreal Projects/AniBunny/Content/PlatformerPack/Textures/BeanStalks_Textures/Pl_BeanStalk_d.uasset" 636
"D:/Users/Yuval/Documents/Unreal Projects/AniBunny/Content/PlatformerPack/Textures/BeanStalks_Textures/Pl_BeanStalk_n.uasset" 637
"D:/Users/Yuval/Documents/Unreal Projects/AniBunny/Content/PlatformerPack/Textures/BeanStalks_Textures/Pl_BeanStalk_r.uasset" 638
"D:/Users/Yuval/Documents/Unreal Projects/AniBunny/Content/PlatformerPack/Materials/BeanStalks_Materials/M_BeanStalk.uasset" 639
"D:/Users/Yuval/Documents/Unreal Projects/AniBunny/Content/PlatformerPack/Meshes/Beanstalks/Pl_stalkbase_01.uasset" 640
"D:/Users/Yuval/Documents/Unreal Projects/AniBunny/Content/PlatformerPack/Meshes/Beanstalks/Pl_stalkbend_01.uasset" 641
"D:/Users/Yuval/Documents/Unreal Projects/AniBunny/Content/PlatformerPack/Meshes/Beanstalks/Pl_stalkcurve_01.uasset" 642
"D:/Users/Yuval/Documents/Unreal Projects/AniBunny/Content/PlatformerPack/Meshes/Beanstalks/Pl_stalkend_02.uasset" 643
"D:/Users/Yuval/Documents/Unreal Projects/AniBunny/Content/PlatformerPack/Meshes/Beanstalks/Pl_stalkend_03.uasset" 644
"D:/Users/Yuval/Documents/Unreal Projects/AniBunny/Content/PlatformerPack/Textures/BeanStalks_Textures/Pl_StoneBlock_d.uasset" 645
"D:/Users/Yuval/Documents/Unreal Projects/AniBunny/Content/PlatformerPack/Textures/BeanStalks_Textures/Pl_StoneBlock_n.uasset" 646
"D:/Users/Yuval/Documents/Unreal Projects/AniBunny/Content/PlatformerPack/Textures/BeanStalks_Textures/Pl_StoneBlock_r.uasset" 647
"D:/Users/Yuval/Documents/Unreal Projects/AniBunny/Content/PlatformerPack/Materials/BeanStalks_Materials/M_StoneBlock.uasset" 648
"D:/Users/Yuval/Documents/Unreal Projects/AniBunny/Content/PlatformerPack/Meshes/Beanstalks/Pl_StoneBlock_01.uasset" 649
"D:/Users/Yuval/Documents/Unreal Projects/AniBunny/Content/PlatformerPack/Meshes/Beanstalks/Pl_StoneBlock_02.uasset" 650
"D:/Users/Yuval/Documents/Unreal Projects/AniBunny/Content/PlatformerPack/Meshes/Beanstalks/Pl_StoneBlock_03.uasset" 651
"D:/Users/Yuval/Documents/Unreal Projects/AniBunny/Content/PlatformerPack/Meshes/Beanstalks/Pl_StoneBlock_04.uasset" 652
"D:/Users/Yuval/Documents/Unreal Projects/AniBunny/Content/PlatformerPack/Meshes/Beanstalks/Pl_StoneBlock_05.uasset" 653
"D:/Users/Yuval/Documents/Unreal Projects/AniBunny/Content/PlatformerPack/Meshes/Beanstalks/Pl_vine_01.uasset" 654
"D:/Users/Yuval/Documents/Unreal Projects/AniBunny/Content/PlatformerPack/Meshes/Beanstalks/Pl_vine_02.uasset" 655
"D:/Users/Yuval/Documents/Unreal Projects/AniBunny/Content/PlatformerPack/Meshes/Beanstalks/Pl_vine_03.uasset" 656
"D:/Users/Yuval/Documents/Unreal Projects/AniBunny/Content/PlatformerPack/Meshes/Beanstalks/Pl_vine_04.uasset" 657
"D:/Users/Yuval/Documents/Unreal Projects/AniBunny/Content/PlatformerPack/Meshes/Beanstalks/Pl_vine_05.uasset" 658
"D:/Users/Yuval/Documents/Unreal Projects/AniBunny/Content/PlatformerPack/Textures/Pl_Grass_trim_d.uasset" 659
"D:/Users/Yuval/Documents/Unreal Projects/AniBunny/Content/PlatformerPack/Textures/Pl_Grass_trim_n.uasset" 660
"D:/Users/Yuval/Documents/Unreal Projects/AniBunny/Content/PlatformerPack/Textures/Pl_Grass_trim_r.uasset" 661
"D:/Users/Yuval/Documents/Unreal Projects/AniBunny/Content/PlatformerPack/Materials/M_GrassTrim.uasset" 662
"D:/Users/Yuval/Documents/Unreal Projects/AniBunny/Content/PlatformerPack/Meshes/Pl_16m_gtrim_01.uasset" 663
"D:/Users/Yuval/Documents/Unreal Projects/AniBunny/Content/PlatformerPack/Meshes/Pl_16m_Platform.uasset" 664
"D:/Users/Yuval/Documents/Unreal Projects/AniBunny/Content/PlatformerPack/Meshes/Pl_16m_Platform_ext.uasset" 665
"D:/Users/Yuval/Documents/Unreal Projects/AniBunny/Content/PlatformerPack/Meshes/Pl_1m_grassblock.uasset" 666
"D:/Users/Yuval/Documents/Unreal Projects/AniBunny/Content/PlatformerPack/Meshes/Pl_2m_grassblock.uasset" 667
"D:/Users/Yuval/Documents/Unreal Projects/AniBunny/Content/PlatformerPack/Meshes/Pl_4m_gtrim_01.uasset" 668
"D:/Users/Yuval/Documents/Unreal Projects/AniBunny/Content/PlatformerPack/Meshes/Pl_4m_Platform.uasset" 669
"D:/Users/Yuval/Documents/Unreal Projects/AniBunny/Content/PlatformerPack/Meshes/Pl_4m_Platform_ext.uasset" 670
"D:/Users/Yuval/Documents/Unreal Projects/AniBunny/Content/PlatformerPack/Meshes/Pl_8m_gtrim_01.uasset" 671
"D:/Users/Yuval/Documents/Unreal Projects/AniBunny/Content/PlatformerPack/Meshes/Pl_8m_Gtrim_Hrnd_01.uasset" 672
"D:/Users/Yuval/Documents/Unreal Projects/AniBunny/Content/PlatformerPack/Meshes/Pl_8m_gtrim_rnd_01.uasset" 673
"D:/Users/Yuval/Documents/Unreal Projects/AniBunny/Content/PlatformerPack/Meshes/Pl_8m_Hill.uasset" 674
"D:/Users/Yuval/Documents/Unreal Projects/AniBunny/Content/PlatformerPack/Meshes/Pl_8m_Platform.uasset" 675
"D:/Users/Yuval/Documents/Unreal Projects/AniBunny/Content/PlatformerPack/Meshes/Pl_8m_Platform_crn.uasset" 676
"D:/Users/Yuval/Documents/Unreal Projects/AniBunny/Content/PlatformerPack/Meshes/Pl_8m_Platform_crn_ext.uasset" 677
"D:/Users/Yuval/Documents/Unreal Projects/AniBunny/Content/PlatformerPack/Meshes/Pl_8m_Platform_ext.uasset" 678
"D:/Users/Yuval/Documents/Unreal Projects/AniBunny/Content/PlatformerPack/Meshes/Pl_8m_Platform_Hrnd.uasset" 679
"D:/Users/Yuval/Documents/Unreal Projects/AniBunny/Content/PlatformerPack/Meshes/Pl_8m_Platform_Hrnd_ext.uasset" 680
"D:/Users/Yuval/Documents/Unreal Projects/AniBunny/Content/PlatformerPack/Meshes/Pl_8m_Platform_L.uasset" 681
"D:/Users/Yuval/Documents/Unreal Projects/AniBunny/Content/PlatformerPack/Meshes/Pl_8m_Platform_L_ext.uasset" 682
"D:/Users/Yuval/Documents/Unreal Projects/AniBunny/Content/PlatformerPack/Meshes/Pl_button.uasset" 683
"D:/Users/Yuval/Documents/Unreal Projects/AniBunny/Content/PlatformerPack/Meshes/Pl_buttonBase.uasset" 684
"D:/Users/Yuval/Documents/Unreal Projects/AniBunny/Content/PlatformerPack/Materials/M_Cloud.uasset" 685
"D:/Users/Yuval/Documents/Unreal Projects/AniBunny/Content/PlatformerPack/Meshes/Pl_CloudPlat_4m.uasset" 686
"D:/Users/Yuval/Documents/Unreal Projects/AniBunny/Content/PlatformerPack/Meshes/Pl_CloudPlat_4x8m.uasset" 687
"D:/Users/Yuval/Documents/Unreal Projects/AniBunny/Content/PlatformerPack/Meshes/Pl_CloudPlat_8m.uasset" 688
"D:/Users/Yuval/Documents/Unreal Projects/AniBunny/Content/PlatformerPack/Meshes/Pl_Crate_01.uasset" 689
"D:/Users/Yuval/Documents/Unreal Projects/AniBunny/Content/PlatformerPack/Meshes/Pl_Crate_02.uasset" 690
"D:/Users/Yuval/Documents/Unreal Projects/AniBunny/Content/PlatformerPack/Meshes/Pl_Crate_Shards_01.uasset" 691
"D:/Users/Yuval/Documents/Unreal Projects/AniBunny/Content/PlatformerPack/Meshes/Pl_Crate_Shards_02.uasset" 692
"D:/Users/Yuval/Documents/Unreal Projects/AniBunny/Content/PlatformerPack/Meshes/Pl_Crate_Shards_03.uasset" 693
"D:/Users/Yuval/Documents/Unreal Projects/AniBunny/Content/PlatformerPack/Materials/M_Wood_Light_Instance.uasset" 694
"D:/Users/Yuval/Documents/Unreal Projects/AniBunny/Content/PlatformerPack/Meshes/Pl_Fence_2m_01.uasset" 695
"D:/Users/Yuval/Documents/Unreal Projects/AniBunny/Content/PlatformerPack/Meshes/Pl_Fence_2m_02.uasset" 696
"D:/Users/Yuval/Documents/Unreal Projects/AniBunny/Content/PlatformerPack/Meshes/Pl_Fence_8m_01.uasset" 697
"D:/Users/Yuval/Documents/Unreal Projects/AniBunny/Content/PlatformerPack/Meshes/Pl_Fence_8m_02.uasset" 698
"D:/Users/Yuval/Documents/Unreal Projects/AniBunny/Content/PlatformerPack/Meshes/Pl_FencePost.uasset" 699
"D:/Users/Yuval/Documents/Unreal Projects/AniBunny/Content/PlatformerPack/Textures/Pl_Plants_d.uasset" 700
"D:/Users/Yuval/Documents/Unreal Projects/AniBunny/Content/PlatformerPack/Textures/Pl_Plants_n.uasset" 701
"D:/Users/Yuval/Documents/Unreal Projects/AniBunny/Content/PlatformerPack/Textures/Pl_Plants_r.uasset" 702
"D:/Users/Yuval/Documents/Unreal Projects/AniBunny/Content/PlatformerPack/Materials/M_Plants.uasset" 703
"D:/Users/Yuval/Documents/Unreal Projects/AniBunny/Content/PlatformerPack/Meshes/Pl_Fern_01.uasset" 704
"D:/Users/Yuval/Documents/Unreal Projects/AniBunny/Content/PlatformerPack/Meshes/Pl_fern_02.uasset" 705
"D:/Users/Yuval/Documents/Unreal Projects/AniBunny/Content/PlatformerPack/Meshes/Pl_flower_01.uasset" 706
"D:/Users/Yuval/Documents/Unreal Projects/AniBunny/Content/PlatformerPack/Meshes/Pl_flower_02.uasset" 707
"D:/Users/Yuval/Documents/Unreal Projects/AniBunny/Content/PlatformerPack/Meshes/Pl_flower_03.uasset" 708
"D:/Users/Yuval/Documents/Unreal Projects/AniBunny/Content/PlatformerPack/Meshes/Pl_flower_04.uasset" 709
"D:/Users/Yuval/Documents/Unreal Projects/AniBunny/Content/PlatformerPack/Meshes/Pl_flower_05.uasset" 710
"D:/Users/Yuval/Documents/Unreal Projects/AniBunny/Content/PlatformerPack/Meshes/Pl_flower_06.uasset" 711
"D:/Users/Yuval/Documents/Unreal Projects/AniBunny/Content/PlatformerPack/Meshes/Pl_GrassWall_4m.uasset" 712
"D:/Users/Yuval/Documents/Unreal Projects/AniBunny/Content/PlatformerPack/Meshes/Pl_GrassWall_8m.uasset" 713
"D:/Users/Yuval/Documents/Unreal Projects/AniBunny/Content/PlatformerPack/Meshes/Pl_gtrim_01.uasset" 714
"D:/Users/Yuval/Documents/Unreal Projects/AniBunny/Content/PlatformerPack/Meshes/Pl_gtrim_02.uasset" 715
"D:/Users/Yuval/Documents/Unreal Projects/AniBunny/Content/PlatformerPack/Meshes/Pl_gtrim_03.uasset" 716
"D:/Users/Yuval/Documents/Unreal Projects/AniBunny/Content/PlatformerPack/Meshes/Pl_gtrim_04.uasset" 717
"D:/Users/Yuval/Documents/Unreal Projects/AniBunny/Content/PlatformerPack/Meshes/Pl_MetalBox_2m_short.uasset" 718
"D:/Users/Yuval/Documents/Unreal Projects/AniBunny/Content/PlatformerPack/Meshes/Pl_MetalBox_4x2m.uasset" 719
"D:/Users/Yuval/Documents/Unreal Projects/AniBunny/Content/PlatformerPack/Meshes/Pl_MetalBox_4x2m_short.uasset" 720
"D:/Users/Yuval/Documents/Unreal Projects/AniBunny/Content/PlatformerPack/Meshes/Pl_plant_01.uasset" 721
"D:/Users/Yuval/Documents/Unreal Projects/AniBunny/Content/PlatformerPack/Meshes/Pl_plant_02.uasset" 722
"D:/Users/Yuval/Documents/Unreal Projects/AniBunny/Content/PlatformerPack/Meshes/Pl_plant_03.uasset" 723
"D:/Users/Yuval/Documents/Unreal Projects/AniBunny/Content/PlatformerPack/Meshes/Pl_Ramp_4m.uasset" 724
"D:/Users/Yuval/Documents/Unreal Projects/AniBunny/Content/PlatformerPack/Meshes/Pl_ScaffoldBlock_01.uasset" 725
"D:/Users/Yuval/Documents/Unreal Projects/AniBunny/Content/PlatformerPack/Meshes/Pl_Scaffoldpost_01.uasset" 726
"D:/Users/Yuval/Documents/Unreal Projects/AniBunny/Content/PlatformerPack/Meshes/Pl_ScaffoldWall_01.uasset" 727
"D:/Users/Yuval/Documents/Unreal Projects/AniBunny/Content/PlatformerPack/Materials/M_Metal_Grey_Instance.uasset" 728
"D:/Users/Yuval/Documents/Unreal Projects/AniBunny/Content/PlatformerPack/Meshes/Pl_Screw_01.uasset" 729
"D:/Users/Yuval/Documents/Unreal Projects/AniBunny/Content/PlatformerPack/Materials/M_Plastic_Grey_Inst.uasset" 730
"D:/Users/Yuval/Documents/Unreal Projects/AniBunny/Content/PlatformerPack/Meshes/Pl_secretDoor_01.uasset" 731
"D:/Users/Yuval/Documents/Unreal Projects/AniBunny/Content/PlatformerPack/Meshes/Pl_Sign_01.uasset" 732
"D:/Users/Yuval/Documents/Unreal Projects/AniBunny/Content/PlatformerPack/Meshes/Pl_Signpost_01.uasset" 733
"D:/Users/Yuval/Documents/Unreal Projects/AniBunny/Content/PlatformerPack/Materials/M_Tree.uasset" 734
"D:/Users/Yuval/Documents/Unreal Projects/AniBunny/Content/PlatformerPack/Meshes/Pl_Tree_01.uasset" 735
"D:/Users/Yuval/Documents/Unreal Projects/AniBunny/Content/PlatformerPack/Meshes/Pl_Tree_02.uasset" 736
"D:/Users/Yuval/Documents/Unreal Projects/AniBunny/Content/PlatformerPack/Meshes/Pl_Tree_03.uasset" 737
"D:/Users/Yuval/Documents/Unreal Projects/AniBunny/Content/PlatformerPack/Meshes/Pl_Tree_04.uasset" 738
"D:/Users/Yuval/Documents/Unreal Projects/AniBunny/Content/PlatformerPack/Meshes/Pl_woodPlat_1m.uasset" 739
"D:/Users/Yuval/Documents/Unreal Projects/AniBunny/Content/PlatformerPack/Meshes/Pl_woodPlat_2m.uasset" 740
"D:/Users/Yuval/Documents/Unreal Projects/AniBunny/Content/PlatformerPack/Maps/Example_map_01.umap" 741
"../../../Engine/Content/MapTemplates/SM_Template_Map_Floor.uasset" 742
"D:/Users/Yuval/Documents/Unreal Projects/AniBunny/Content/PlatformerPack/Meshes/Beanstalks/Pl_stalk_01.uasset" 743
"D:/Users/Yuval/Documents/Unreal Projects/AniBunny/Content/PlatformerPack/Meshes/Beanstalks/Pl_stalkcurve_02.uasset" 744
"D:/Users/Yuval/Documents/Unreal Projects/AniBunny/Content/PlatformerPack/Meshes/Beanstalks/Pl_stalkend_01.uasset" 745
"D:/Users/Yuval/Documents/Unreal Projects/AniBunny/Content/PlatformerPack/Meshes/Pl_8m_Platform_rnd_ext.uasset" 746
"D:/Users/Yuval/Documents/Unreal Projects/AniBunny/Content/PlatformerPack/Maps/OverView.umap" 747
"../../../Engine/Content/Maps/Entry_BuiltData.uasset" 748
"../../../Engine/Content/Maps/Entry.umap" 749
